2020-03-27 14:19:57.603 [main] INFO  org.jeecg.modules.pipeline.controller.PipelineTest:50 - Starting PipelineTest on cmcc-PC with PID 7948 (started by cmcc in D:\software\zhongduan\jeecg-boot\jeecg-boot-module-system)
2020-03-27 14:19:57.611 [main] INFO  org.jeecg.modules.pipeline.controller.PipelineTest:679 - The following profiles are active: dev
2020-03-27 14:20:02.163 [main] WARN  org.mybatis.spring.mapper.ClassPathMapperScanner:166 - No MyBatis mapper was found in '[org.jeecg.config.rule.mapper.*]' package. Please check your configuration.
2020-03-27 14:20:04.268 [main] INFO  o.s.d.r.config.RepositoryConfigurationDelegate:244 - Multiple Spring Data modules found, entering strict repository configuration mode!
2020-03-27 14:20:04.274 [main] INFO  o.s.d.r.config.RepositoryConfigurationDelegate:126 - Bootstrapping Spring Data repositories in DEFAULT mode.
2020-03-27 14:20:04.706 [main] INFO  o.s.d.r.config.RepositoryConfigurationDelegate:182 - Finished Spring Data repository scanning in 400ms. Found 0 repository interfaces.
2020-03-27 14:20:04.784 [main] INFO  o.s.d.r.config.RepositoryConfigurationDelegate:244 - Multiple Spring Data modules found, entering strict repository configuration mode!
2020-03-27 14:20:04.787 [main] INFO  o.s.d.r.config.RepositoryConfigurationDelegate:126 - Bootstrapping Spring Data repositories in DEFAULT mode.
2020-03-27 14:20:05.560 [main] INFO  o.s.d.r.config.RepositoryConfigurationDelegate:182 - Finished Spring Data repository scanning in 516ms. Found 0 repository interfaces.
2020-03-27 14:20:07.618 [main] INFO  o.s.c.s.PostProcessorRegistrationDelegate$BeanPostProcessorChecker:330 - Bean 'shiroConfig' of type [org.jeecg.config.ShiroConfig$$EnhancerBySpringCGLIB$$6daebc2] is not eligible for getting processed by all BeanPostProcessors (for example: not eligible for auto-proxying)
2020-03-27 14:20:08.344 [main] INFO  o.s.c.s.PostProcessorRegistrationDelegate$BeanPostProcessorChecker:330 - Bean 'shiroRealm' of type [org.jeecg.modules.shiro.authc.ShiroRealm] is not eligible for getting processed by all BeanPostProcessors (for example: not eligible for auto-proxying)
2020-03-27 14:20:11.433 [main] INFO  o.s.c.s.PostProcessorRegistrationDelegate$BeanPostProcessorChecker:330 - Bean 'securityManager' of type [org.apache.shiro.web.mgt.DefaultWebSecurityManager] is not eligible for getting processed by all BeanPostProcessors (for example: not eligible for auto-proxying)
2020-03-27 14:20:11.546 [main] INFO  o.s.c.s.PostProcessorRegistrationDelegate$BeanPostProcessorChecker:330 - Bean 'authorizationAttributeSourceAdvisor' of type [org.apache.shiro.spring.security.interceptor.AuthorizationAttributeSourceAdvisor] is not eligible for getting processed by all BeanPostProcessors (for example: not eligible for auto-proxying)
2020-03-27 14:20:11.670 [main] INFO  o.s.c.s.PostProcessorRegistrationDelegate$BeanPostProcessorChecker:330 - Bean 'org.springframework.transaction.annotation.ProxyTransactionManagementConfiguration' of type [org.springframework.transaction.annotation.ProxyTransactionManagementConfiguration$$EnhancerBySpringCGLIB$$e6d5822c] is not eligible for getting processed by all BeanPostProcessors (for example: not eligible for auto-proxying)
2020-03-27 14:20:12.286 [main] INFO  o.s.c.s.PostProcessorRegistrationDelegate$BeanPostProcessorChecker:330 - Bean 'spring.datasource.dynamic-com.baomidou.dynamic.datasource.spring.boot.autoconfigure.DynamicDataSourceProperties' of type [com.baomidou.dynamic.datasource.spring.boot.autoconfigure.DynamicDataSourceProperties] is not eligible for getting processed by all BeanPostProcessors (for example: not eligible for auto-proxying)
2020-03-27 14:20:12.305 [main] INFO  o.s.c.s.PostProcessorRegistrationDelegate$BeanPostProcessorChecker:330 - Bean 'com.baomidou.dynamic.datasource.spring.boot.autoconfigure.DynamicDataSourceAutoConfiguration' of type [com.baomidou.dynamic.datasource.spring.boot.autoconfigure.DynamicDataSourceAutoConfiguration$$EnhancerBySpringCGLIB$$5063f2fd] is not eligible for getting processed by all BeanPostProcessors (for example: not eligible for auto-proxying)
2020-03-27 14:20:12.335 [main] INFO  o.s.c.s.PostProcessorRegistrationDelegate$BeanPostProcessorChecker:330 - Bean 'dsProcessor' of type [com.baomidou.dynamic.datasource.processor.DsHeaderProcessor] is not eligible for getting processed by all BeanPostProcessors (for example: not eligible for auto-proxying)
2020-03-27 14:20:12.363 [main] INFO  o.s.c.s.PostProcessorRegistrationDelegate$BeanPostProcessorChecker:330 - Bean 'dynamicDatasourceAnnotationAdvisor' of type [com.baomidou.dynamic.datasource.aop.DynamicDataSourceAnnotationAdvisor] is not eligible for getting processed by all BeanPostProcessors (for example: not eligible for auto-proxying)
2020-03-27 14:20:12.423 [main] INFO  o.s.c.s.PostProcessorRegistrationDelegate$BeanPostProcessorChecker:330 - Bean 'spring.redis-org.springframework.boot.autoconfigure.data.redis.RedisProperties' of type [org.springframework.boot.autoconfigure.data.redis.RedisProperties] is not eligible for getting processed by all BeanPostProcessors (for example: not eligible for auto-proxying)
2020-03-27 14:20:12.456 [main] INFO  o.s.c.s.PostProcessorRegistrationDelegate$BeanPostProcessorChecker:330 - Bean 'org.springframework.boot.autoconfigure.data.redis.LettuceConnectionConfiguration' of type [org.springframework.boot.autoconfigure.data.redis.LettuceConnectionConfiguration$$EnhancerBySpringCGLIB$$fbef4076] is not eligible for getting processed by all BeanPostProcessors (for example: not eligible for auto-proxying)
2020-03-27 14:20:13.207 [main] INFO  o.s.c.s.PostProcessorRegistrationDelegate$BeanPostProcessorChecker:330 - Bean 'lettuceClientResources' of type [io.lettuce.core.resource.DefaultClientResources] is not eligible for getting processed by all BeanPostProcessors (for example: not eligible for auto-proxying)
2020-03-27 14:20:13.628 [main] INFO  o.s.c.s.PostProcessorRegistrationDelegate$BeanPostProcessorChecker:330 - Bean 'redisConnectionFactory' of type [org.springframework.data.redis.connection.lettuce.LettuceConnectionFactory] is not eligible for getting processed by all BeanPostProcessors (for example: not eligible for auto-proxying)
2020-03-27 14:20:13.702 [main] INFO  o.s.c.s.PostProcessorRegistrationDelegate$BeanPostProcessorChecker:330 - Bean 'redisConfig' of type [org.jeecg.config.RedisConfig$$EnhancerBySpringCGLIB$$51a9730c] is not eligible for getting processed by all BeanPostProcessors (for example: not eligible for auto-proxying)
2020-03-27 14:20:13.919 [main] INFO  o.s.c.s.PostProcessorRegistrationDelegate$BeanPostProcessorChecker:330 - Bean 'org.apache.shiro.spring.boot.autoconfigure.ShiroBeanAutoConfiguration' of type [org.apache.shiro.spring.boot.autoconfigure.ShiroBeanAutoConfiguration$$EnhancerBySpringCGLIB$$f9ee5fdc] is not eligible for getting processed by all BeanPostProcessors (for example: not eligible for auto-proxying)
2020-03-27 14:20:13.942 [main] INFO  o.s.c.s.PostProcessorRegistrationDelegate$BeanPostProcessorChecker:330 - Bean 'eventBus' of type [org.apache.shiro.event.support.DefaultEventBus] is not eligible for getting processed by all BeanPostProcessors (for example: not eligible for auto-proxying)
2020-03-27 14:20:14.558 [main] INFO  c.b.dynamic.datasource.DynamicDataSourceCreator:109 - 动态数据源-检测到druid存在,如配置中未指定type,druid会默认配置
2020-03-27 14:20:15.432 [main] INFO  com.alibaba.druid.pool.DruidDataSource:930 - {dataSource-1,master} inited
2020-03-27 14:20:15.490 [main] INFO  com.alibaba.druid.pool.DruidDataSource:930 - {dataSource-2,input} inited
2020-03-27 14:20:15.544 [main] INFO  com.alibaba.druid.pool.DruidDataSource:930 - {dataSource-3,predict} inited
2020-03-27 14:20:15.545 [main] INFO  c.b.dynamic.datasource.DynamicRoutingDataSource:189 - 初始共加载 3 个数据源
2020-03-27 14:20:15.546 [main] INFO  c.b.dynamic.datasource.DynamicRoutingDataSource:135 - 动态数据源-加载 input 成功
2020-03-27 14:20:15.547 [main] INFO  c.b.dynamic.datasource.DynamicRoutingDataSource:135 - 动态数据源-加载 predict 成功
2020-03-27 14:20:15.550 [main] INFO  c.b.dynamic.datasource.DynamicRoutingDataSource:135 - 动态数据源-加载 master 成功
2020-03-27 14:20:15.552 [main] INFO  c.b.dynamic.datasource.DynamicRoutingDataSource:198 - 当前的默认数据源是单数据源，数据源名为 master
2020-03-27 14:20:17.586 [main] WARN  c.b.mybatisplus.core.toolkit.TableInfoHelper:250 - Warn: Could not find @TableId in Class: org.jeecg.modules.predict.entity.ScmNretail.
2020-03-27 14:20:17.811 [main] WARN  c.b.mybatisplus.core.toolkit.TableInfoHelper:250 - Warn: Could not find @TableId in Class: org.jeecg.modules.result.entity.ScmNretailResult.
2020-03-27 14:20:17.936 [main] WARN  c.b.mybatisplus.core.toolkit.TableInfoHelper:250 - Warn: Could not find @TableId in Class: org.jeecg.modules.predict.vo.ScmNretailIpdVo.
2020-03-27 14:20:22.868 [main] INFO  org.mongodb.driver.cluster:71 - Cluster created with settings {hosts=[localhost:27017], mode=SINGLE, requiredClusterType=UNKNOWN, serverSelectionTimeout='30000 ms', maxWaitQueueSize=500}
2020-03-27 14:20:22.997 [cluster-ClusterId{value='5e7d9b268daae81f0c0f4fbf', description='null'}-localhost:27017] INFO  org.mongodb.driver.connection:71 - Opened connection [connectionId{localValue:1, serverValue:4761}] to localhost:27017
2020-03-27 14:20:23.008 [cluster-ClusterId{value='5e7d9b268daae81f0c0f4fbf', description='null'}-localhost:27017] INFO  org.mongodb.driver.cluster:71 - Monitor thread successfully connected to server with description ServerDescription{address=localhost:27017, type=STANDALONE, state=CONNECTED, ok=true, version=ServerVersion{versionList=[4, 2, 2]}, minWireVersion=0, maxWireVersion=8, maxDocumentSize=16777216, logicalSessionTimeoutMinutes=30, roundTripTimeNanos=5242200}
2020-03-27 14:20:24.590 [main] INFO  org.mongodb.driver.cluster:71 - Cluster created with settings {hosts=[localhost:27017], mode=SINGLE, requiredClusterType=UNKNOWN, serverSelectionTimeout='30000 ms', maxWaitQueueSize=500}
2020-03-27 14:20:24.606 [cluster-ClusterId{value='5e7d9b288daae81f0c0f4fc0', description='null'}-localhost:27017] INFO  org.mongodb.driver.connection:71 - Opened connection [connectionId{localValue:2, serverValue:4762}] to localhost:27017
2020-03-27 14:20:24.609 [cluster-ClusterId{value='5e7d9b288daae81f0c0f4fc0', description='null'}-localhost:27017] INFO  org.mongodb.driver.cluster:71 - Monitor thread successfully connected to server with description ServerDescription{address=localhost:27017, type=STANDALONE, state=CONNECTED, ok=true, version=ServerVersion{versionList=[4, 2, 2]}, minWireVersion=0, maxWireVersion=8, maxDocumentSize=16777216, logicalSessionTimeoutMinutes=30, roundTripTimeNanos=1705800}
2020-03-27 14:20:24.778 [main] INFO  org.mongodb.driver.cluster:71 - Cluster created with settings {hosts=[localhost:27017], mode=SINGLE, requiredClusterType=UNKNOWN, serverSelectionTimeout='30000 ms', maxWaitQueueSize=500}
2020-03-27 14:20:24.809 [cluster-ClusterId{value='5e7d9b288daae81f0c0f4fc1', description='null'}-localhost:27017] INFO  org.mongodb.driver.connection:71 - Opened connection [connectionId{localValue:3, serverValue:4763}] to localhost:27017
2020-03-27 14:20:24.813 [cluster-ClusterId{value='5e7d9b288daae81f0c0f4fc1', description='null'}-localhost:27017] INFO  org.mongodb.driver.cluster:71 - Monitor thread successfully connected to server with description ServerDescription{address=localhost:27017, type=STANDALONE, state=CONNECTED, ok=true, version=ServerVersion{versionList=[4, 2, 2]}, minWireVersion=0, maxWireVersion=8, maxDocumentSize=16777216, logicalSessionTimeoutMinutes=30, roundTripTimeNanos=2742500}
2020-03-27 14:20:25.535 [main] INFO  org.quartz.impl.StdSchedulerFactory:1208 - Using default implementation for ThreadExecutor
2020-03-27 14:20:25.614 [main] INFO  org.quartz.core.SchedulerSignalerImpl:61 - Initialized Scheduler Signaller of type: class org.quartz.core.SchedulerSignalerImpl
2020-03-27 14:20:25.616 [main] INFO  org.quartz.core.QuartzScheduler:229 - Quartz Scheduler v.2.3.0 created.
2020-03-27 14:20:25.630 [main] INFO  o.s.scheduling.quartz.LocalDataSourceJobStore:672 - Using db table-based data access locking (synchronization).
2020-03-27 14:20:25.640 [main] INFO  o.s.scheduling.quartz.LocalDataSourceJobStore:145 - JobStoreCMT initialized.
2020-03-27 14:20:25.643 [main] INFO  org.quartz.core.QuartzScheduler:294 - Scheduler meta-data: Quartz Scheduler (v2.3.0) 'quartzScheduler' with instanceId 'NON_CLUSTERED'
  Scheduler class: 'org.quartz.core.QuartzScheduler' - running locally.
  NOT STARTED.
  Currently in standby mode.
  Number of jobs executed: 0
  Using thread pool 'org.quartz.simpl.SimpleThreadPool' - with 10 threads.
  Using job-store 'org.springframework.scheduling.quartz.LocalDataSourceJobStore' - which supports persistence. and is not clustered.

2020-03-27 14:20:25.644 [main] INFO  org.quartz.impl.StdSchedulerFactory:1362 - Quartz scheduler 'quartzScheduler' initialized from an externally provided properties instance.
2020-03-27 14:20:25.645 [main] INFO  org.quartz.impl.StdSchedulerFactory:1366 - Quartz scheduler version: 2.3.0
2020-03-27 14:20:25.646 [main] INFO  org.quartz.core.QuartzScheduler:2287 - JobFactory set to: org.springframework.scheduling.quartz.SpringBeanJobFactory@5f510929
2020-03-27 14:20:32.016 [main] INFO  o.s.b.actuate.endpoint.web.EndpointLinksResolver:59 - Exposing 2 endpoint(s) beneath base path '/actuator'
2020-03-27 14:20:33.084 [main] INFO  s.d.s.w.PropertySourcedRequestMappingHandlerMapping:69 - Mapped URL path [/v2/api-docs] onto method [public org.springframework.http.ResponseEntity<springfox.documentation.spring.web.json.Json> springfox.documentation.swagger2.web.Swagger2Controller.getDocumentation(java.lang.String,javax.servlet.http.HttpServletRequest)]
2020-03-27 14:20:34.807 [main] INFO  o.s.scheduling.concurrent.ThreadPoolTaskExecutor:171 - Initializing ExecutorService 'applicationTaskExecutor'
2020-03-27 14:20:36.092 [main] INFO  org.mongodb.driver.cluster:71 - Cluster created with settings {hosts=[localhost:27017], mode=SINGLE, requiredClusterType=UNKNOWN, serverSelectionTimeout='30000 ms', maxWaitQueueSize=500}
2020-03-27 14:20:36.105 [cluster-ClusterId{value='5e7d9b348daae81f0c0f4fc2', description='null'}-localhost:27017] INFO  org.mongodb.driver.connection:71 - Opened connection [connectionId{localValue:4, serverValue:4764}] to localhost:27017
2020-03-27 14:20:36.107 [cluster-ClusterId{value='5e7d9b348daae81f0c0f4fc2', description='null'}-localhost:27017] INFO  org.mongodb.driver.cluster:71 - Monitor thread successfully connected to server with description ServerDescription{address=localhost:27017, type=STANDALONE, state=CONNECTED, ok=true, version=ServerVersion{versionList=[4, 2, 2]}, minWireVersion=0, maxWireVersion=8, maxDocumentSize=16777216, logicalSessionTimeoutMinutes=30, roundTripTimeNanos=1211700}
2020-03-27 14:20:38.148 [main] INFO  s.d.s.web.plugins.DocumentationPluginsBootstrapper:160 - Context refreshed
2020-03-27 14:20:38.203 [main] INFO  s.d.s.web.plugins.DocumentationPluginsBootstrapper:163 - Found 1 custom documentation plugin(s)
2020-03-27 14:20:38.294 [main] INFO  s.d.spring.web.scanners.ApiListingReferenceScanner:41 - Scanning for api listing references
2020-03-27 14:20:38.796 [main] INFO  s.d.s.w.r.operation.CachingOperationNameGenerator:40 - Generating unique operation named: addUsingPOST_1
2020-03-27 14:20:38.800 [main] INFO  s.d.s.w.r.operation.CachingOperationNameGenerator:40 - Generating unique operation named: deleteUsingDELETE_1
2020-03-27 14:20:38.806 [main] INFO  s.d.s.w.r.operation.CachingOperationNameGenerator:40 - Generating unique operation named: deleteBatchUsingDELETE_1
2020-03-27 14:20:38.824 [main] INFO  s.d.s.w.r.operation.CachingOperationNameGenerator:40 - Generating unique operation named: queryByIdUsingGET_1
2020-03-27 14:20:38.887 [main] INFO  o.s.scheduling.quartz.SchedulerFactoryBean:726 - Starting Quartz Scheduler now
2020-03-27 14:20:39.283 [main] INFO  o.s.scheduling.quartz.LocalDataSourceJobStore:866 - Freed 0 triggers from 'acquired' / 'blocked' state.
2020-03-27 14:20:39.296 [main] INFO  o.s.scheduling.quartz.LocalDataSourceJobStore:876 - Recovering 0 jobs that were in-progress at the time of the last shut-down.
2020-03-27 14:20:39.296 [main] INFO  o.s.scheduling.quartz.LocalDataSourceJobStore:889 - Recovery complete.
2020-03-27 14:20:39.299 [main] INFO  o.s.scheduling.quartz.LocalDataSourceJobStore:896 - Removed 0 'complete' triggers.
2020-03-27 14:20:39.302 [main] INFO  o.s.scheduling.quartz.LocalDataSourceJobStore:901 - Removed 0 stale fired job entries.
2020-03-27 14:20:39.304 [main] INFO  org.quartz.core.QuartzScheduler:547 - Scheduler quartzScheduler_$_NON_CLUSTERED started.
2020-03-27 14:20:39.335 [main] INFO  org.jeecg.modules.pipeline.controller.PipelineTest:59 - Started PipelineTest in 43.803 seconds (JVM running for 47.59)
2020-03-27 14:21:11.263 [main] INFO  org.jeecg.modules.pipeline.aspect.PipeLineAspect:28 - 管道前置通知-1号阀门(org.jeecg.modules.pipeline.processor.Validator)进入执行, pipeLineContext={"index":"1", "context":"{"index":"0"}"}
2020-03-27 14:21:20.195 [main] INFO  org.jeecg.modules.pipeline.aspect.PipeLineAspect:28 - 管道前置通知-2号阀门(org.jeecg.modules.pipeline.processor.OrderPreviewValidator)进入执行, pipeLineContext={"index":"2", "context":"{"index":"0","param":"1"}"}
2020-03-27 14:21:22.797 [main] INFO  org.jeecg.modules.pipeline.aspect.PipeLineAspect:28 - 管道前置通知-3号阀门(org.jeecg.modules.pipeline.processor.Processor)进入执行, pipeLineContext={"index":"3", "context":"{"index":"0","param":"2"}"}
2020-03-27 14:21:22.871 [main] INFO  org.jeecg.modules.pipeline.controller.PipelineTest:45 - {}
2020-03-27 14:21:22.896 [Thread-5] INFO  org.quartz.core.QuartzScheduler:585 - Scheduler quartzScheduler_$_NON_CLUSTERED paused.
2020-03-27 14:21:22.917 [Thread-5] INFO  o.s.scheduling.concurrent.ThreadPoolTaskExecutor:208 - Shutting down ExecutorService 'applicationTaskExecutor'
2020-03-27 14:21:22.939 [Thread-5] INFO  o.s.scheduling.quartz.SchedulerFactoryBean:844 - Shutting down Quartz Scheduler
2020-03-27 14:21:22.940 [Thread-5] INFO  org.quartz.core.QuartzScheduler:666 - Scheduler quartzScheduler_$_NON_CLUSTERED shutting down.
2020-03-27 14:21:22.941 [Thread-5] INFO  org.quartz.core.QuartzScheduler:585 - Scheduler quartzScheduler_$_NON_CLUSTERED paused.
2020-03-27 14:21:22.943 [Thread-5] INFO  org.quartz.core.QuartzScheduler:740 - Scheduler quartzScheduler_$_NON_CLUSTERED shutdown complete.
2020-03-27 14:21:22.950 [Thread-5] INFO  c.b.dynamic.datasource.DynamicRoutingDataSource:175 - closing dynamicDatasource  ing....
2020-03-27 14:21:22.966 [Thread-5] INFO  com.alibaba.druid.pool.DruidDataSource:1825 - {dataSource-2} closed
2020-03-27 14:21:22.974 [Thread-5] INFO  com.alibaba.druid.pool.DruidDataSource:1825 - {dataSource-3} closed
2020-03-27 14:21:22.982 [Thread-5] INFO  com.alibaba.druid.pool.DruidDataSource:1825 - {dataSource-1} closed
