2020-05-19 15:49:40.793 [main] INFO  org.jeecg.modules.test.ThreadTestCase:50 - Starting ThreadTestCase on cmcc-PC with PID 26532 (started by cmcc in D:\software\zhongduan\jeecg-boot\jeecg-boot-module-system)
2020-05-19 15:49:40.810 [main] INFO  org.jeecg.modules.test.ThreadTestCase:679 - The following profiles are active: dev
2020-05-19 15:49:47.328 [main] WARN  org.mybatis.spring.mapper.ClassPathMapperScanner:166 - No MyBatis mapper was found in '[org.jeecg.config.rule.mapper.*]' package. Please check your configuration.
2020-05-19 15:49:49.325 [main] INFO  o.s.d.r.config.RepositoryConfigurationDelegate:244 - Multiple Spring Data modules found, entering strict repository configuration mode!
2020-05-19 15:49:49.340 [main] INFO  o.s.d.r.config.RepositoryConfigurationDelegate:126 - Bootstrapping Spring Data repositories in DEFAULT mode.
2020-05-19 15:49:49.738 [main] INFO  o.s.d.r.config.RepositoryConfigurationDelegate:182 - Finished Spring Data repository scanning in 384ms. Found 0 repository interfaces.
2020-05-19 15:49:49.771 [main] INFO  o.s.d.r.config.RepositoryConfigurationDelegate:244 - Multiple Spring Data modules found, entering strict repository configuration mode!
2020-05-19 15:49:49.778 [main] INFO  o.s.d.r.config.RepositoryConfigurationDelegate:126 - Bootstrapping Spring Data repositories in DEFAULT mode.
2020-05-19 15:49:50.018 [main] INFO  o.s.d.r.config.RepositoryConfigurationDelegate:182 - Finished Spring Data repository scanning in 212ms. Found 0 repository interfaces.
2020-05-19 15:49:52.432 [main] INFO  o.s.c.s.PostProcessorRegistrationDelegate$BeanPostProcessorChecker:330 - Bean 'shiroConfig' of type [org.jeecg.config.ShiroConfig$$EnhancerBySpringCGLIB$$ead5d796] is not eligible for getting processed by all BeanPostProcessors (for example: not eligible for auto-proxying)
2020-05-19 15:49:53.238 [main] INFO  o.s.c.s.PostProcessorRegistrationDelegate$BeanPostProcessorChecker:330 - Bean 'shiroRealm' of type [org.jeecg.modules.shiro.authc.ShiroRealm] is not eligible for getting processed by all BeanPostProcessors (for example: not eligible for auto-proxying)
2020-05-19 15:50:05.443 [main] INFO  o.s.c.s.PostProcessorRegistrationDelegate$BeanPostProcessorChecker:330 - Bean 'securityManager' of type [org.apache.shiro.web.mgt.DefaultWebSecurityManager] is not eligible for getting processed by all BeanPostProcessors (for example: not eligible for auto-proxying)
2020-05-19 15:50:05.636 [main] INFO  o.s.c.s.PostProcessorRegistrationDelegate$BeanPostProcessorChecker:330 - Bean 'authorizationAttributeSourceAdvisor' of type [org.apache.shiro.spring.security.interceptor.AuthorizationAttributeSourceAdvisor] is not eligible for getting processed by all BeanPostProcessors (for example: not eligible for auto-proxying)
2020-05-19 15:50:05.784 [main] INFO  o.s.c.s.PostProcessorRegistrationDelegate$BeanPostProcessorChecker:330 - Bean 'org.springframework.transaction.annotation.ProxyTransactionManagementConfiguration' of type [org.springframework.transaction.annotation.ProxyTransactionManagementConfiguration$$EnhancerBySpringCGLIB$$cad06e00] is not eligible for getting processed by all BeanPostProcessors (for example: not eligible for auto-proxying)
2020-05-19 15:50:06.833 [main] INFO  o.s.c.s.PostProcessorRegistrationDelegate$BeanPostProcessorChecker:330 - Bean 'spring.datasource.dynamic-com.baomidou.dynamic.datasource.spring.boot.autoconfigure.DynamicDataSourceProperties' of type [com.baomidou.dynamic.datasource.spring.boot.autoconfigure.DynamicDataSourceProperties] is not eligible for getting processed by all BeanPostProcessors (for example: not eligible for auto-proxying)
2020-05-19 15:50:06.851 [main] INFO  o.s.c.s.PostProcessorRegistrationDelegate$BeanPostProcessorChecker:330 - Bean 'com.baomidou.dynamic.datasource.spring.boot.autoconfigure.DynamicDataSourceAutoConfiguration' of type [com.baomidou.dynamic.datasource.spring.boot.autoconfigure.DynamicDataSourceAutoConfiguration$$EnhancerBySpringCGLIB$$345eded1] is not eligible for getting processed by all BeanPostProcessors (for example: not eligible for auto-proxying)
2020-05-19 15:50:06.883 [main] INFO  o.s.c.s.PostProcessorRegistrationDelegate$BeanPostProcessorChecker:330 - Bean 'dsProcessor' of type [com.baomidou.dynamic.datasource.processor.DsHeaderProcessor] is not eligible for getting processed by all BeanPostProcessors (for example: not eligible for auto-proxying)
2020-05-19 15:50:06.918 [main] INFO  o.s.c.s.PostProcessorRegistrationDelegate$BeanPostProcessorChecker:330 - Bean 'dynamicDatasourceAnnotationAdvisor' of type [com.baomidou.dynamic.datasource.aop.DynamicDataSourceAnnotationAdvisor] is not eligible for getting processed by all BeanPostProcessors (for example: not eligible for auto-proxying)
2020-05-19 15:50:07.029 [main] INFO  o.s.c.s.PostProcessorRegistrationDelegate$BeanPostProcessorChecker:330 - Bean 'spring.redis-org.springframework.boot.autoconfigure.data.redis.RedisProperties' of type [org.springframework.boot.autoconfigure.data.redis.RedisProperties] is not eligible for getting processed by all BeanPostProcessors (for example: not eligible for auto-proxying)
2020-05-19 15:50:07.119 [main] INFO  o.s.c.s.PostProcessorRegistrationDelegate$BeanPostProcessorChecker:330 - Bean 'org.springframework.boot.autoconfigure.data.redis.LettuceConnectionConfiguration' of type [org.springframework.boot.autoconfigure.data.redis.LettuceConnectionConfiguration$$EnhancerBySpringCGLIB$$dfea2c4a] is not eligible for getting processed by all BeanPostProcessors (for example: not eligible for auto-proxying)
2020-05-19 15:50:08.075 [main] INFO  o.s.c.s.PostProcessorRegistrationDelegate$BeanPostProcessorChecker:330 - Bean 'lettuceClientResources' of type [io.lettuce.core.resource.DefaultClientResources] is not eligible for getting processed by all BeanPostProcessors (for example: not eligible for auto-proxying)
2020-05-19 15:50:08.664 [main] INFO  o.s.c.s.PostProcessorRegistrationDelegate$BeanPostProcessorChecker:330 - Bean 'redisConnectionFactory' of type [org.springframework.data.redis.connection.lettuce.LettuceConnectionFactory] is not eligible for getting processed by all BeanPostProcessors (for example: not eligible for auto-proxying)
2020-05-19 15:50:08.746 [main] INFO  o.s.c.s.PostProcessorRegistrationDelegate$BeanPostProcessorChecker:330 - Bean 'redisConfig' of type [org.jeecg.config.RedisConfig$$EnhancerBySpringCGLIB$$35a45ee0] is not eligible for getting processed by all BeanPostProcessors (for example: not eligible for auto-proxying)
2020-05-19 15:50:09.017 [main] INFO  o.s.c.s.PostProcessorRegistrationDelegate$BeanPostProcessorChecker:330 - Bean 'org.apache.shiro.spring.boot.autoconfigure.ShiroBeanAutoConfiguration' of type [org.apache.shiro.spring.boot.autoconfigure.ShiroBeanAutoConfiguration$$EnhancerBySpringCGLIB$$dde94bb0] is not eligible for getting processed by all BeanPostProcessors (for example: not eligible for auto-proxying)
2020-05-19 15:50:09.067 [main] INFO  o.s.c.s.PostProcessorRegistrationDelegate$BeanPostProcessorChecker:330 - Bean 'eventBus' of type [org.apache.shiro.event.support.DefaultEventBus] is not eligible for getting processed by all BeanPostProcessors (for example: not eligible for auto-proxying)
2020-05-19 15:50:10.131 [main] INFO  c.b.dynamic.datasource.DynamicDataSourceCreator:109 - 动态数据源-检测到druid存在,如配置中未指定type,druid会默认配置
2020-05-19 15:50:11.584 [main] INFO  com.alibaba.druid.pool.DruidDataSource:930 - {dataSource-1,master} inited
2020-05-19 15:50:11.679 [main] INFO  com.alibaba.druid.pool.DruidDataSource:930 - {dataSource-2,input} inited
2020-05-19 15:50:11.747 [main] INFO  com.alibaba.druid.pool.DruidDataSource:930 - {dataSource-3,predict} inited
2020-05-19 15:50:11.747 [main] INFO  c.b.dynamic.datasource.DynamicRoutingDataSource:189 - 初始共加载 3 个数据源
2020-05-19 15:50:11.749 [main] INFO  c.b.dynamic.datasource.DynamicRoutingDataSource:135 - 动态数据源-加载 input 成功
2020-05-19 15:50:11.750 [main] INFO  c.b.dynamic.datasource.DynamicRoutingDataSource:135 - 动态数据源-加载 predict 成功
2020-05-19 15:50:11.751 [main] INFO  c.b.dynamic.datasource.DynamicRoutingDataSource:135 - 动态数据源-加载 master 成功
2020-05-19 15:50:11.752 [main] INFO  c.b.dynamic.datasource.DynamicRoutingDataSource:198 - 当前的默认数据源是单数据源，数据源名为 master
2020-05-19 15:50:14.081 [main] WARN  c.b.mybatisplus.core.toolkit.TableInfoHelper:250 - Warn: Could not find @TableId in Class: org.jeecg.modules.predict.entity.ScmNretail.
2020-05-19 15:50:14.532 [main] WARN  c.b.mybatisplus.core.toolkit.TableInfoHelper:250 - Warn: Could not find @TableId in Class: org.jeecg.modules.result.entity.ScmNretailResult.
2020-05-19 15:50:14.721 [main] WARN  c.b.mybatisplus.core.toolkit.TableInfoHelper:250 - Warn: Could not find @TableId in Class: org.jeecg.modules.predict.vo.ScmNretailIpdVo.
2020-05-19 15:50:28.458 [main] INFO  org.mongodb.driver.cluster:71 - Cluster created with settings {hosts=[localhost:27017], mode=SINGLE, requiredClusterType=UNKNOWN, serverSelectionTimeout='30000 ms', maxWaitQueueSize=500}
2020-05-19 15:50:28.579 [cluster-ClusterId{value='5ec38fc437d16167a4e9997f', description='null'}-localhost:27017] INFO  org.mongodb.driver.connection:71 - Opened connection [connectionId{localValue:1, serverValue:15}] to localhost:27017
2020-05-19 15:50:28.590 [cluster-ClusterId{value='5ec38fc437d16167a4e9997f', description='null'}-localhost:27017] INFO  org.mongodb.driver.cluster:71 - Monitor thread successfully connected to server with description ServerDescription{address=localhost:27017, type=STANDALONE, state=CONNECTED, ok=true, version=ServerVersion{versionList=[4, 2, 2]}, minWireVersion=0, maxWireVersion=8, maxDocumentSize=16777216, logicalSessionTimeoutMinutes=30, roundTripTimeNanos=5380800}
2020-05-19 15:50:31.919 [main] INFO  org.mongodb.driver.cluster:71 - Cluster created with settings {hosts=[localhost:27017], mode=SINGLE, requiredClusterType=UNKNOWN, serverSelectionTimeout='30000 ms', maxWaitQueueSize=500}
2020-05-19 15:50:32.048 [cluster-ClusterId{value='5ec38fc737d16167a4e99980', description='null'}-localhost:27017] INFO  org.mongodb.driver.connection:71 - Opened connection [connectionId{localValue:2, serverValue:16}] to localhost:27017
2020-05-19 15:50:32.050 [cluster-ClusterId{value='5ec38fc737d16167a4e99980', description='null'}-localhost:27017] INFO  org.mongodb.driver.cluster:71 - Monitor thread successfully connected to server with description ServerDescription{address=localhost:27017, type=STANDALONE, state=CONNECTED, ok=true, version=ServerVersion{versionList=[4, 2, 2]}, minWireVersion=0, maxWireVersion=8, maxDocumentSize=16777216, logicalSessionTimeoutMinutes=30, roundTripTimeNanos=1298200}
2020-05-19 15:50:32.531 [main] INFO  org.mongodb.driver.cluster:71 - Cluster created with settings {hosts=[localhost:27017], mode=SINGLE, requiredClusterType=UNKNOWN, serverSelectionTimeout='30000 ms', maxWaitQueueSize=500}
2020-05-19 15:50:32.730 [cluster-ClusterId{value='5ec38fc837d16167a4e99981', description='null'}-localhost:27017] INFO  org.mongodb.driver.connection:71 - Opened connection [connectionId{localValue:3, serverValue:17}] to localhost:27017
2020-05-19 15:50:32.733 [cluster-ClusterId{value='5ec38fc837d16167a4e99981', description='null'}-localhost:27017] INFO  org.mongodb.driver.cluster:71 - Monitor thread successfully connected to server with description ServerDescription{address=localhost:27017, type=STANDALONE, state=CONNECTED, ok=true, version=ServerVersion{versionList=[4, 2, 2]}, minWireVersion=0, maxWireVersion=8, maxDocumentSize=16777216, logicalSessionTimeoutMinutes=30, roundTripTimeNanos=1910100}
2020-05-19 15:50:34.228 [main] INFO  org.quartz.impl.StdSchedulerFactory:1208 - Using default implementation for ThreadExecutor
2020-05-19 15:50:34.301 [main] INFO  org.quartz.core.SchedulerSignalerImpl:61 - Initialized Scheduler Signaller of type: class org.quartz.core.SchedulerSignalerImpl
2020-05-19 15:50:34.302 [main] INFO  org.quartz.core.QuartzScheduler:229 - Quartz Scheduler v.2.3.0 created.
2020-05-19 15:50:34.362 [main] INFO  o.s.scheduling.quartz.LocalDataSourceJobStore:672 - Using db table-based data access locking (synchronization).
2020-05-19 15:50:34.371 [main] INFO  o.s.scheduling.quartz.LocalDataSourceJobStore:145 - JobStoreCMT initialized.
2020-05-19 15:50:34.375 [main] INFO  org.quartz.core.QuartzScheduler:294 - Scheduler meta-data: Quartz Scheduler (v2.3.0) 'quartzScheduler' with instanceId 'NON_CLUSTERED'
  Scheduler class: 'org.quartz.core.QuartzScheduler' - running locally.
  NOT STARTED.
  Currently in standby mode.
  Number of jobs executed: 0
  Using thread pool 'org.quartz.simpl.SimpleThreadPool' - with 10 threads.
  Using job-store 'org.springframework.scheduling.quartz.LocalDataSourceJobStore' - which supports persistence. and is not clustered.

2020-05-19 15:50:34.378 [main] INFO  org.quartz.impl.StdSchedulerFactory:1362 - Quartz scheduler 'quartzScheduler' initialized from an externally provided properties instance.
2020-05-19 15:50:34.379 [main] INFO  org.quartz.impl.StdSchedulerFactory:1366 - Quartz scheduler version: 2.3.0
2020-05-19 15:50:34.380 [main] INFO  org.quartz.core.QuartzScheduler:2287 - JobFactory set to: org.springframework.scheduling.quartz.SpringBeanJobFactory@654db80b
2020-05-19 15:50:47.010 [main] INFO  o.s.b.actuate.endpoint.web.EndpointLinksResolver:59 - Exposing 2 endpoint(s) beneath base path '/actuator'
2020-05-19 15:50:48.703 [main] INFO  s.d.s.w.PropertySourcedRequestMappingHandlerMapping:69 - Mapped URL path [/v2/api-docs] onto method [public org.springframework.http.ResponseEntity<springfox.documentation.spring.web.json.Json> springfox.documentation.swagger2.web.Swagger2Controller.getDocumentation(java.lang.String,javax.servlet.http.HttpServletRequest)]
2020-05-19 15:50:49.073 [main] INFO  org.jeecg.modules.executor.handle.ExecutorConfig:36 - start asyncServiceExecutor
2020-05-19 15:50:49.088 [main] INFO  o.j.m.e.handle.VisiableThreadPoolTaskExecutor:171 - Initializing ExecutorService
2020-05-19 15:50:49.129 [main] INFO  o.j.m.e.handle.VisiableThreadPoolTaskExecutor:171 - Initializing ExecutorService 'asyncServiceExecutor'
2020-05-19 15:50:56.321 [main] INFO  org.mongodb.driver.cluster:71 - Cluster created with settings {hosts=[localhost:27017], mode=SINGLE, requiredClusterType=UNKNOWN, serverSelectionTimeout='30000 ms', maxWaitQueueSize=500}
2020-05-19 15:50:56.479 [cluster-ClusterId{value='5ec38fe037d16167a4e99982', description='null'}-localhost:27017] INFO  org.mongodb.driver.connection:71 - Opened connection [connectionId{localValue:4, serverValue:18}] to localhost:27017
2020-05-19 15:50:56.481 [cluster-ClusterId{value='5ec38fe037d16167a4e99982', description='null'}-localhost:27017] INFO  org.mongodb.driver.cluster:71 - Monitor thread successfully connected to server with description ServerDescription{address=localhost:27017, type=STANDALONE, state=CONNECTED, ok=true, version=ServerVersion{versionList=[4, 2, 2]}, minWireVersion=0, maxWireVersion=8, maxDocumentSize=16777216, logicalSessionTimeoutMinutes=30, roundTripTimeNanos=1220200}
2020-05-19 15:51:01.182 [main] INFO  s.d.s.web.plugins.DocumentationPluginsBootstrapper:160 - Context refreshed
2020-05-19 15:51:01.271 [main] INFO  s.d.s.web.plugins.DocumentationPluginsBootstrapper:163 - Found 1 custom documentation plugin(s)
2020-05-19 15:51:01.458 [main] INFO  s.d.spring.web.scanners.ApiListingReferenceScanner:41 - Scanning for api listing references
2020-05-19 15:51:02.299 [main] INFO  s.d.s.w.r.operation.CachingOperationNameGenerator:40 - Generating unique operation named: addUsingPOST_1
2020-05-19 15:51:02.307 [main] INFO  s.d.s.w.r.operation.CachingOperationNameGenerator:40 - Generating unique operation named: deleteUsingDELETE_1
2020-05-19 15:51:02.313 [main] INFO  s.d.s.w.r.operation.CachingOperationNameGenerator:40 - Generating unique operation named: deleteBatchUsingDELETE_1
2020-05-19 15:51:02.385 [main] INFO  s.d.s.w.r.operation.CachingOperationNameGenerator:40 - Generating unique operation named: queryByIdUsingGET_1
2020-05-19 15:51:02.471 [main] INFO  o.s.scheduling.quartz.SchedulerFactoryBean:726 - Starting Quartz Scheduler now
2020-05-19 15:51:03.136 [main] INFO  o.s.scheduling.quartz.LocalDataSourceJobStore:866 - Freed 0 triggers from 'acquired' / 'blocked' state.
2020-05-19 15:51:03.154 [main] INFO  o.s.scheduling.quartz.LocalDataSourceJobStore:876 - Recovering 0 jobs that were in-progress at the time of the last shut-down.
2020-05-19 15:51:03.155 [main] INFO  o.s.scheduling.quartz.LocalDataSourceJobStore:889 - Recovery complete.
2020-05-19 15:51:03.158 [main] INFO  o.s.scheduling.quartz.LocalDataSourceJobStore:896 - Removed 0 'complete' triggers.
2020-05-19 15:51:03.162 [main] INFO  o.s.scheduling.quartz.LocalDataSourceJobStore:901 - Removed 0 stale fired job entries.
2020-05-19 15:51:03.165 [main] INFO  org.quartz.core.QuartzScheduler:547 - Scheduler quartzScheduler_$_NON_CLUSTERED started.
2020-05-19 15:51:03.219 [main] INFO  org.jeecg.modules.test.ThreadTestCase:59 - Started ThreadTestCase in 85.161 seconds (JVM running for 89.442)
2020-05-19 15:51:03.979 [main] INFO  org.jeecg.modules.test.ThreadTestCase:37 - ================= run_task_two =======================
2020-05-19 15:51:03.980 [main] INFO  org.jeecg.modules.test.ThreadTestCase:39 - 开始请求任务2
2020-05-19 15:51:03.986 [main] INFO  o.j.m.e.handle.VisiableThreadPoolTaskExecutor:39 - async-service-, 2. do submit,taskCount [0], completedTaskCount [0], activeCount [0], queueSize [0]
2020-05-19 15:51:04.033 [async-service-1] INFO  o.j.modules.executor.service.impl.AsyncServiceImpl:58 - 开始做任务2
2020-05-19 15:51:09.037 [async-service-1] INFO  o.j.modules.executor.service.impl.AsyncServiceImpl:63 - 完成任务2， 耗时：5.000 s
2020-05-19 15:51:09.042 [main] INFO  org.jeecg.modules.test.ThreadTestCase:45 - 完成请求任务2，返回结果：12345， 耗时：5.061 s
2020-05-19 15:51:09.059 [Thread-5] INFO  org.quartz.core.QuartzScheduler:585 - Scheduler quartzScheduler_$_NON_CLUSTERED paused.
2020-05-19 15:51:09.068 [Thread-5] INFO  o.j.m.e.handle.VisiableThreadPoolTaskExecutor:208 - Shutting down ExecutorService 'asyncServiceExecutor'
2020-05-19 15:51:09.081 [Thread-5] INFO  o.s.scheduling.quartz.SchedulerFactoryBean:844 - Shutting down Quartz Scheduler
2020-05-19 15:51:09.082 [Thread-5] INFO  org.quartz.core.QuartzScheduler:666 - Scheduler quartzScheduler_$_NON_CLUSTERED shutting down.
2020-05-19 15:51:09.085 [Thread-5] INFO  org.quartz.core.QuartzScheduler:585 - Scheduler quartzScheduler_$_NON_CLUSTERED paused.
2020-05-19 15:51:09.090 [Thread-5] INFO  org.quartz.core.QuartzScheduler:740 - Scheduler quartzScheduler_$_NON_CLUSTERED shutdown complete.
2020-05-19 15:51:09.096 [Thread-5] INFO  c.b.dynamic.datasource.DynamicRoutingDataSource:175 - closing dynamicDatasource  ing....
2020-05-19 15:51:09.115 [Thread-5] INFO  com.alibaba.druid.pool.DruidDataSource:1825 - {dataSource-2} closed
2020-05-19 15:51:09.122 [Thread-5] INFO  com.alibaba.druid.pool.DruidDataSource:1825 - {dataSource-3} closed
2020-05-19 15:51:09.127 [Thread-5] INFO  com.alibaba.druid.pool.DruidDataSource:1825 - {dataSource-1} closed
2020-05-19 15:54:57.776 [main] INFO  org.jeecg.modules.test.ThreadTestCase:50 - Starting ThreadTestCase on cmcc-PC with PID 7788 (started by cmcc in D:\software\zhongduan\jeecg-boot\jeecg-boot-module-system)
2020-05-19 15:54:57.781 [main] INFO  org.jeecg.modules.test.ThreadTestCase:679 - The following profiles are active: dev
2020-05-19 15:55:04.690 [main] WARN  org.mybatis.spring.mapper.ClassPathMapperScanner:166 - No MyBatis mapper was found in '[org.jeecg.config.rule.mapper.*]' package. Please check your configuration.
2020-05-19 15:55:06.302 [main] INFO  o.s.d.r.config.RepositoryConfigurationDelegate:244 - Multiple Spring Data modules found, entering strict repository configuration mode!
2020-05-19 15:55:06.308 [main] INFO  o.s.d.r.config.RepositoryConfigurationDelegate:126 - Bootstrapping Spring Data repositories in DEFAULT mode.
2020-05-19 15:55:06.698 [main] INFO  o.s.d.r.config.RepositoryConfigurationDelegate:182 - Finished Spring Data repository scanning in 365ms. Found 0 repository interfaces.
2020-05-19 15:55:06.730 [main] INFO  o.s.d.r.config.RepositoryConfigurationDelegate:244 - Multiple Spring Data modules found, entering strict repository configuration mode!
2020-05-19 15:55:06.742 [main] INFO  o.s.d.r.config.RepositoryConfigurationDelegate:126 - Bootstrapping Spring Data repositories in DEFAULT mode.
2020-05-19 15:55:06.978 [main] INFO  o.s.d.r.config.RepositoryConfigurationDelegate:182 - Finished Spring Data repository scanning in 212ms. Found 0 repository interfaces.
2020-05-19 15:55:08.920 [main] INFO  o.s.c.s.PostProcessorRegistrationDelegate$BeanPostProcessorChecker:330 - Bean 'shiroConfig' of type [org.jeecg.config.ShiroConfig$$EnhancerBySpringCGLIB$$612e8786] is not eligible for getting processed by all BeanPostProcessors (for example: not eligible for auto-proxying)
2020-05-19 15:55:09.607 [main] INFO  o.s.c.s.PostProcessorRegistrationDelegate$BeanPostProcessorChecker:330 - Bean 'shiroRealm' of type [org.jeecg.modules.shiro.authc.ShiroRealm] is not eligible for getting processed by all BeanPostProcessors (for example: not eligible for auto-proxying)
2020-05-19 15:55:21.007 [main] INFO  o.s.c.s.PostProcessorRegistrationDelegate$BeanPostProcessorChecker:330 - Bean 'securityManager' of type [org.apache.shiro.web.mgt.DefaultWebSecurityManager] is not eligible for getting processed by all BeanPostProcessors (for example: not eligible for auto-proxying)
2020-05-19 15:55:21.271 [main] INFO  o.s.c.s.PostProcessorRegistrationDelegate$BeanPostProcessorChecker:330 - Bean 'authorizationAttributeSourceAdvisor' of type [org.apache.shiro.spring.security.interceptor.AuthorizationAttributeSourceAdvisor] is not eligible for getting processed by all BeanPostProcessors (for example: not eligible for auto-proxying)
2020-05-19 15:55:21.482 [main] INFO  o.s.c.s.PostProcessorRegistrationDelegate$BeanPostProcessorChecker:330 - Bean 'org.springframework.transaction.annotation.ProxyTransactionManagementConfiguration' of type [org.springframework.transaction.annotation.ProxyTransactionManagementConfiguration$$EnhancerBySpringCGLIB$$41291df0] is not eligible for getting processed by all BeanPostProcessors (for example: not eligible for auto-proxying)
2020-05-19 15:55:22.439 [main] INFO  o.s.c.s.PostProcessorRegistrationDelegate$BeanPostProcessorChecker:330 - Bean 'spring.datasource.dynamic-com.baomidou.dynamic.datasource.spring.boot.autoconfigure.DynamicDataSourceProperties' of type [com.baomidou.dynamic.datasource.spring.boot.autoconfigure.DynamicDataSourceProperties] is not eligible for getting processed by all BeanPostProcessors (for example: not eligible for auto-proxying)
2020-05-19 15:55:22.472 [main] INFO  o.s.c.s.PostProcessorRegistrationDelegate$BeanPostProcessorChecker:330 - Bean 'com.baomidou.dynamic.datasource.spring.boot.autoconfigure.DynamicDataSourceAutoConfiguration' of type [com.baomidou.dynamic.datasource.spring.boot.autoconfigure.DynamicDataSourceAutoConfiguration$$EnhancerBySpringCGLIB$$aab78ec1] is not eligible for getting processed by all BeanPostProcessors (for example: not eligible for auto-proxying)
2020-05-19 15:55:22.535 [main] INFO  o.s.c.s.PostProcessorRegistrationDelegate$BeanPostProcessorChecker:330 - Bean 'dsProcessor' of type [com.baomidou.dynamic.datasource.processor.DsHeaderProcessor] is not eligible for getting processed by all BeanPostProcessors (for example: not eligible for auto-proxying)
2020-05-19 15:55:22.559 [main] INFO  o.s.c.s.PostProcessorRegistrationDelegate$BeanPostProcessorChecker:330 - Bean 'dynamicDatasourceAnnotationAdvisor' of type [com.baomidou.dynamic.datasource.aop.DynamicDataSourceAnnotationAdvisor] is not eligible for getting processed by all BeanPostProcessors (for example: not eligible for auto-proxying)
2020-05-19 15:55:22.628 [main] INFO  o.s.c.s.PostProcessorRegistrationDelegate$BeanPostProcessorChecker:330 - Bean 'spring.redis-org.springframework.boot.autoconfigure.data.redis.RedisProperties' of type [org.springframework.boot.autoconfigure.data.redis.RedisProperties] is not eligible for getting processed by all BeanPostProcessors (for example: not eligible for auto-proxying)
2020-05-19 15:55:22.670 [main] INFO  o.s.c.s.PostProcessorRegistrationDelegate$BeanPostProcessorChecker:330 - Bean 'org.springframework.boot.autoconfigure.data.redis.LettuceConnectionConfiguration' of type [org.springframework.boot.autoconfigure.data.redis.LettuceConnectionConfiguration$$EnhancerBySpringCGLIB$$5642dc3a] is not eligible for getting processed by all BeanPostProcessors (for example: not eligible for auto-proxying)
2020-05-19 15:55:23.758 [main] INFO  o.s.c.s.PostProcessorRegistrationDelegate$BeanPostProcessorChecker:330 - Bean 'lettuceClientResources' of type [io.lettuce.core.resource.DefaultClientResources] is not eligible for getting processed by all BeanPostProcessors (for example: not eligible for auto-proxying)
2020-05-19 15:55:24.156 [main] INFO  o.s.c.s.PostProcessorRegistrationDelegate$BeanPostProcessorChecker:330 - Bean 'redisConnectionFactory' of type [org.springframework.data.redis.connection.lettuce.LettuceConnectionFactory] is not eligible for getting processed by all BeanPostProcessors (for example: not eligible for auto-proxying)
2020-05-19 15:55:24.284 [main] INFO  o.s.c.s.PostProcessorRegistrationDelegate$BeanPostProcessorChecker:330 - Bean 'redisConfig' of type [org.jeecg.config.RedisConfig$$EnhancerBySpringCGLIB$$abfd0ed0] is not eligible for getting processed by all BeanPostProcessors (for example: not eligible for auto-proxying)
2020-05-19 15:55:24.816 [main] INFO  o.s.c.s.PostProcessorRegistrationDelegate$BeanPostProcessorChecker:330 - Bean 'org.apache.shiro.spring.boot.autoconfigure.ShiroBeanAutoConfiguration' of type [org.apache.shiro.spring.boot.autoconfigure.ShiroBeanAutoConfiguration$$EnhancerBySpringCGLIB$$5441fba0] is not eligible for getting processed by all BeanPostProcessors (for example: not eligible for auto-proxying)
2020-05-19 15:55:24.935 [main] INFO  o.s.c.s.PostProcessorRegistrationDelegate$BeanPostProcessorChecker:330 - Bean 'eventBus' of type [org.apache.shiro.event.support.DefaultEventBus] is not eligible for getting processed by all BeanPostProcessors (for example: not eligible for auto-proxying)
2020-05-19 15:55:26.778 [main] INFO  c.b.dynamic.datasource.DynamicDataSourceCreator:109 - 动态数据源-检测到druid存在,如配置中未指定type,druid会默认配置
2020-05-19 15:55:27.941 [main] INFO  com.alibaba.druid.pool.DruidDataSource:930 - {dataSource-1,master} inited
2020-05-19 15:55:27.996 [main] INFO  com.alibaba.druid.pool.DruidDataSource:930 - {dataSource-2,input} inited
2020-05-19 15:55:28.061 [main] INFO  com.alibaba.druid.pool.DruidDataSource:930 - {dataSource-3,predict} inited
2020-05-19 15:55:28.063 [main] INFO  c.b.dynamic.datasource.DynamicRoutingDataSource:189 - 初始共加载 3 个数据源
2020-05-19 15:55:28.064 [main] INFO  c.b.dynamic.datasource.DynamicRoutingDataSource:135 - 动态数据源-加载 input 成功
2020-05-19 15:55:28.065 [main] INFO  c.b.dynamic.datasource.DynamicRoutingDataSource:135 - 动态数据源-加载 predict 成功
2020-05-19 15:55:28.066 [main] INFO  c.b.dynamic.datasource.DynamicRoutingDataSource:135 - 动态数据源-加载 master 成功
2020-05-19 15:55:28.067 [main] INFO  c.b.dynamic.datasource.DynamicRoutingDataSource:198 - 当前的默认数据源是单数据源，数据源名为 master
2020-05-19 15:55:30.581 [main] WARN  c.b.mybatisplus.core.toolkit.TableInfoHelper:250 - Warn: Could not find @TableId in Class: org.jeecg.modules.predict.entity.ScmNretail.
2020-05-19 15:55:30.780 [main] WARN  c.b.mybatisplus.core.toolkit.TableInfoHelper:250 - Warn: Could not find @TableId in Class: org.jeecg.modules.result.entity.ScmNretailResult.
2020-05-19 15:55:30.877 [main] WARN  c.b.mybatisplus.core.toolkit.TableInfoHelper:250 - Warn: Could not find @TableId in Class: org.jeecg.modules.predict.vo.ScmNretailIpdVo.
2020-05-19 15:55:43.181 [main] INFO  org.mongodb.driver.cluster:71 - Cluster created with settings {hosts=[localhost:27017], mode=SINGLE, requiredClusterType=UNKNOWN, serverSelectionTimeout='30000 ms', maxWaitQueueSize=500}
2020-05-19 15:55:43.332 [cluster-ClusterId{value='5ec390ff37d1611e6ce148ae', description='null'}-localhost:27017] INFO  org.mongodb.driver.connection:71 - Opened connection [connectionId{localValue:1, serverValue:19}] to localhost:27017
2020-05-19 15:55:43.344 [cluster-ClusterId{value='5ec390ff37d1611e6ce148ae', description='null'}-localhost:27017] INFO  org.mongodb.driver.cluster:71 - Monitor thread successfully connected to server with description ServerDescription{address=localhost:27017, type=STANDALONE, state=CONNECTED, ok=true, version=ServerVersion{versionList=[4, 2, 2]}, minWireVersion=0, maxWireVersion=8, maxDocumentSize=16777216, logicalSessionTimeoutMinutes=30, roundTripTimeNanos=4620800}
2020-05-19 15:55:48.783 [main] INFO  org.mongodb.driver.cluster:71 - Cluster created with settings {hosts=[localhost:27017], mode=SINGLE, requiredClusterType=UNKNOWN, serverSelectionTimeout='30000 ms', maxWaitQueueSize=500}
2020-05-19 15:55:49.035 [cluster-ClusterId{value='5ec3910437d1611e6ce148af', description='null'}-localhost:27017] INFO  org.mongodb.driver.connection:71 - Opened connection [connectionId{localValue:2, serverValue:20}] to localhost:27017
2020-05-19 15:55:49.038 [cluster-ClusterId{value='5ec3910437d1611e6ce148af', description='null'}-localhost:27017] INFO  org.mongodb.driver.cluster:71 - Monitor thread successfully connected to server with description ServerDescription{address=localhost:27017, type=STANDALONE, state=CONNECTED, ok=true, version=ServerVersion{versionList=[4, 2, 2]}, minWireVersion=0, maxWireVersion=8, maxDocumentSize=16777216, logicalSessionTimeoutMinutes=30, roundTripTimeNanos=1717200}
2020-05-19 15:55:49.199 [main] INFO  org.mongodb.driver.cluster:71 - Cluster created with settings {hosts=[localhost:27017], mode=SINGLE, requiredClusterType=UNKNOWN, serverSelectionTimeout='30000 ms', maxWaitQueueSize=500}
2020-05-19 15:55:49.411 [cluster-ClusterId{value='5ec3910537d1611e6ce148b0', description='null'}-localhost:27017] INFO  org.mongodb.driver.connection:71 - Opened connection [connectionId{localValue:3, serverValue:21}] to localhost:27017
2020-05-19 15:55:49.414 [cluster-ClusterId{value='5ec3910537d1611e6ce148b0', description='null'}-localhost:27017] INFO  org.mongodb.driver.cluster:71 - Monitor thread successfully connected to server with description ServerDescription{address=localhost:27017, type=STANDALONE, state=CONNECTED, ok=true, version=ServerVersion{versionList=[4, 2, 2]}, minWireVersion=0, maxWireVersion=8, maxDocumentSize=16777216, logicalSessionTimeoutMinutes=30, roundTripTimeNanos=1815300}
2020-05-19 15:55:50.881 [main] INFO  org.quartz.impl.StdSchedulerFactory:1208 - Using default implementation for ThreadExecutor
2020-05-19 15:55:51.012 [main] INFO  org.quartz.core.SchedulerSignalerImpl:61 - Initialized Scheduler Signaller of type: class org.quartz.core.SchedulerSignalerImpl
2020-05-19 15:55:51.017 [main] INFO  org.quartz.core.QuartzScheduler:229 - Quartz Scheduler v.2.3.0 created.
2020-05-19 15:55:51.044 [main] INFO  o.s.scheduling.quartz.LocalDataSourceJobStore:672 - Using db table-based data access locking (synchronization).
2020-05-19 15:55:51.051 [main] INFO  o.s.scheduling.quartz.LocalDataSourceJobStore:145 - JobStoreCMT initialized.
2020-05-19 15:55:51.137 [main] INFO  org.quartz.core.QuartzScheduler:294 - Scheduler meta-data: Quartz Scheduler (v2.3.0) 'quartzScheduler' with instanceId 'NON_CLUSTERED'
  Scheduler class: 'org.quartz.core.QuartzScheduler' - running locally.
  NOT STARTED.
  Currently in standby mode.
  Number of jobs executed: 0
  Using thread pool 'org.quartz.simpl.SimpleThreadPool' - with 10 threads.
  Using job-store 'org.springframework.scheduling.quartz.LocalDataSourceJobStore' - which supports persistence. and is not clustered.

2020-05-19 15:55:51.140 [main] INFO  org.quartz.impl.StdSchedulerFactory:1362 - Quartz scheduler 'quartzScheduler' initialized from an externally provided properties instance.
2020-05-19 15:55:51.141 [main] INFO  org.quartz.impl.StdSchedulerFactory:1366 - Quartz scheduler version: 2.3.0
2020-05-19 15:55:51.143 [main] INFO  org.quartz.core.QuartzScheduler:2287 - JobFactory set to: org.springframework.scheduling.quartz.SpringBeanJobFactory@538f45f1
2020-05-19 15:56:04.368 [main] INFO  o.s.b.actuate.endpoint.web.EndpointLinksResolver:59 - Exposing 2 endpoint(s) beneath base path '/actuator'
2020-05-19 15:56:07.376 [main] INFO  s.d.s.w.PropertySourcedRequestMappingHandlerMapping:69 - Mapped URL path [/v2/api-docs] onto method [public org.springframework.http.ResponseEntity<springfox.documentation.spring.web.json.Json> springfox.documentation.swagger2.web.Swagger2Controller.getDocumentation(java.lang.String,javax.servlet.http.HttpServletRequest)]
2020-05-19 15:56:07.670 [main] INFO  org.jeecg.modules.executor.handle.ExecutorConfig:36 - start asyncServiceExecutor
2020-05-19 15:56:07.682 [main] INFO  o.j.m.e.handle.VisiableThreadPoolTaskExecutor:171 - Initializing ExecutorService
2020-05-19 15:56:07.753 [main] INFO  o.j.m.e.handle.VisiableThreadPoolTaskExecutor:171 - Initializing ExecutorService 'asyncServiceExecutor'
2020-05-19 15:56:14.777 [main] INFO  org.mongodb.driver.cluster:71 - Cluster created with settings {hosts=[localhost:27017], mode=SINGLE, requiredClusterType=UNKNOWN, serverSelectionTimeout='30000 ms', maxWaitQueueSize=500}
2020-05-19 15:56:15.036 [cluster-ClusterId{value='5ec3911e37d1611e6ce148b1', description='null'}-localhost:27017] INFO  org.mongodb.driver.connection:71 - Opened connection [connectionId{localValue:4, serverValue:22}] to localhost:27017
2020-05-19 15:56:15.040 [cluster-ClusterId{value='5ec3911e37d1611e6ce148b1', description='null'}-localhost:27017] INFO  org.mongodb.driver.cluster:71 - Monitor thread successfully connected to server with description ServerDescription{address=localhost:27017, type=STANDALONE, state=CONNECTED, ok=true, version=ServerVersion{versionList=[4, 2, 2]}, minWireVersion=0, maxWireVersion=8, maxDocumentSize=16777216, logicalSessionTimeoutMinutes=30, roundTripTimeNanos=2084000}
2020-05-19 15:56:20.166 [main] INFO  s.d.s.web.plugins.DocumentationPluginsBootstrapper:160 - Context refreshed
2020-05-19 15:56:20.391 [main] INFO  s.d.s.web.plugins.DocumentationPluginsBootstrapper:163 - Found 1 custom documentation plugin(s)
2020-05-19 15:56:20.634 [main] INFO  s.d.spring.web.scanners.ApiListingReferenceScanner:41 - Scanning for api listing references
2020-05-19 15:56:21.792 [main] INFO  s.d.s.w.r.operation.CachingOperationNameGenerator:40 - Generating unique operation named: addUsingPOST_1
2020-05-19 15:56:21.797 [main] INFO  s.d.s.w.r.operation.CachingOperationNameGenerator:40 - Generating unique operation named: deleteUsingDELETE_1
2020-05-19 15:56:21.806 [main] INFO  s.d.s.w.r.operation.CachingOperationNameGenerator:40 - Generating unique operation named: deleteBatchUsingDELETE_1
2020-05-19 15:56:21.814 [main] INFO  s.d.s.w.r.operation.CachingOperationNameGenerator:40 - Generating unique operation named: queryByIdUsingGET_1
2020-05-19 15:56:21.910 [main] INFO  o.s.scheduling.quartz.SchedulerFactoryBean:726 - Starting Quartz Scheduler now
2020-05-19 15:56:22.553 [main] INFO  o.s.scheduling.quartz.LocalDataSourceJobStore:866 - Freed 0 triggers from 'acquired' / 'blocked' state.
2020-05-19 15:56:22.569 [main] INFO  o.s.scheduling.quartz.LocalDataSourceJobStore:876 - Recovering 0 jobs that were in-progress at the time of the last shut-down.
2020-05-19 15:56:22.570 [main] INFO  o.s.scheduling.quartz.LocalDataSourceJobStore:889 - Recovery complete.
2020-05-19 15:56:22.573 [main] INFO  o.s.scheduling.quartz.LocalDataSourceJobStore:896 - Removed 0 'complete' triggers.
2020-05-19 15:56:22.577 [main] INFO  o.s.scheduling.quartz.LocalDataSourceJobStore:901 - Removed 0 stale fired job entries.
2020-05-19 15:56:22.580 [main] INFO  org.quartz.core.QuartzScheduler:547 - Scheduler quartzScheduler_$_NON_CLUSTERED started.
2020-05-19 15:56:22.639 [main] INFO  org.jeecg.modules.test.ThreadTestCase:59 - Started ThreadTestCase in 88.506 seconds (JVM running for 92.068)
2020-05-19 15:56:23.348 [main] INFO  org.jeecg.modules.test.ThreadTestCase:53 - ================= run_task_two_plus =======================
2020-05-19 15:56:23.349 [main] INFO  org.jeecg.modules.test.ThreadTestCase:55 - 开始请求任务2
2020-05-19 15:56:23.368 [main] INFO  o.j.m.e.handle.VisiableThreadPoolTaskExecutor:39 - async-service-, 2. do submit,taskCount [0], completedTaskCount [0], activeCount [0], queueSize [0]
2020-05-19 15:56:23.403 [async-service-1] INFO  o.j.modules.executor.service.impl.AsyncServiceImpl:58 - 开始做任务2
2020-05-19 15:56:28.409 [async-service-1] INFO  o.j.modules.executor.service.impl.AsyncServiceImpl:63 - 完成任务2， 耗时：5.001 s
2020-05-19 15:56:28.413 [main] INFO  org.jeecg.modules.test.ThreadTestCase:61 - 完成请求任务2，返回结果：12345， 耗时：5.052 s
2020-05-19 15:56:28.431 [Thread-5] INFO  org.quartz.core.QuartzScheduler:585 - Scheduler quartzScheduler_$_NON_CLUSTERED paused.
2020-05-19 15:56:28.448 [Thread-5] INFO  o.j.m.e.handle.VisiableThreadPoolTaskExecutor:208 - Shutting down ExecutorService 'asyncServiceExecutor'
2020-05-19 15:56:28.455 [Thread-5] INFO  o.s.scheduling.quartz.SchedulerFactoryBean:844 - Shutting down Quartz Scheduler
2020-05-19 15:56:28.456 [Thread-5] INFO  org.quartz.core.QuartzScheduler:666 - Scheduler quartzScheduler_$_NON_CLUSTERED shutting down.
2020-05-19 15:56:28.457 [Thread-5] INFO  org.quartz.core.QuartzScheduler:585 - Scheduler quartzScheduler_$_NON_CLUSTERED paused.
2020-05-19 15:56:28.463 [Thread-5] INFO  org.quartz.core.QuartzScheduler:740 - Scheduler quartzScheduler_$_NON_CLUSTERED shutdown complete.
2020-05-19 15:56:28.470 [Thread-5] INFO  c.b.dynamic.datasource.DynamicRoutingDataSource:175 - closing dynamicDatasource  ing....
2020-05-19 15:56:28.484 [Thread-5] INFO  com.alibaba.druid.pool.DruidDataSource:1825 - {dataSource-2} closed
2020-05-19 15:56:28.489 [Thread-5] INFO  com.alibaba.druid.pool.DruidDataSource:1825 - {dataSource-3} closed
2020-05-19 15:56:28.496 [Thread-5] INFO  com.alibaba.druid.pool.DruidDataSource:1825 - {dataSource-1} closed
