2020-05-23 18:27:40.127 [main] INFO  org.jeecg.modules.test.ThreadTestCase:50 - Starting ThreadTestCase on cmcc-PC with PID 24340 (started by cmcc in D:\software\zhongduan\jeecg-boot\jeecg-boot-module-system)
2020-05-23 18:27:40.135 [main] INFO  org.jeecg.modules.test.ThreadTestCase:679 - The following profiles are active: dev
2020-05-23 18:27:46.657 [main] WARN  org.mybatis.spring.mapper.ClassPathMapperScanner:166 - No MyBatis mapper was found in '[org.jeecg.config.rule.mapper.*]' package. Please check your configuration.
2020-05-23 18:27:48.351 [main] INFO  o.s.d.r.config.RepositoryConfigurationDelegate:244 - Multiple Spring Data modules found, entering strict repository configuration mode!
2020-05-23 18:27:48.357 [main] INFO  o.s.d.r.config.RepositoryConfigurationDelegate:126 - Bootstrapping Spring Data repositories in DEFAULT mode.
2020-05-23 18:27:48.769 [main] INFO  o.s.d.r.config.RepositoryConfigurationDelegate:182 - Finished Spring Data repository scanning in 396ms. Found 0 repository interfaces.
2020-05-23 18:27:48.810 [main] INFO  o.s.d.r.config.RepositoryConfigurationDelegate:244 - Multiple Spring Data modules found, entering strict repository configuration mode!
2020-05-23 18:27:48.815 [main] INFO  o.s.d.r.config.RepositoryConfigurationDelegate:126 - Bootstrapping Spring Data repositories in DEFAULT mode.
2020-05-23 18:27:49.118 [main] INFO  o.s.d.r.config.RepositoryConfigurationDelegate:182 - Finished Spring Data repository scanning in 276ms. Found 0 repository interfaces.
2020-05-23 18:27:51.511 [main] INFO  o.s.c.s.PostProcessorRegistrationDelegate$BeanPostProcessorChecker:330 - Bean 'shiroConfig' of type [org.jeecg.config.ShiroConfig$$EnhancerBySpringCGLIB$$f208aa2b] is not eligible for getting processed by all BeanPostProcessors (for example: not eligible for auto-proxying)
2020-05-23 18:27:52.137 [main] INFO  o.s.c.s.PostProcessorRegistrationDelegate$BeanPostProcessorChecker:330 - Bean 'shiroRealm' of type [org.jeecg.modules.shiro.authc.ShiroRealm] is not eligible for getting processed by all BeanPostProcessors (for example: not eligible for auto-proxying)
2020-05-23 18:28:00.947 [main] INFO  o.s.c.s.PostProcessorRegistrationDelegate$BeanPostProcessorChecker:330 - Bean 'securityManager' of type [org.apache.shiro.web.mgt.DefaultWebSecurityManager] is not eligible for getting processed by all BeanPostProcessors (for example: not eligible for auto-proxying)
2020-05-23 18:28:01.193 [main] INFO  o.s.c.s.PostProcessorRegistrationDelegate$BeanPostProcessorChecker:330 - Bean 'authorizationAttributeSourceAdvisor' of type [org.apache.shiro.spring.security.interceptor.AuthorizationAttributeSourceAdvisor] is not eligible for getting processed by all BeanPostProcessors (for example: not eligible for auto-proxying)
2020-05-23 18:28:01.390 [main] INFO  o.s.c.s.PostProcessorRegistrationDelegate$BeanPostProcessorChecker:330 - Bean 'org.springframework.transaction.annotation.ProxyTransactionManagementConfiguration' of type [org.springframework.transaction.annotation.ProxyTransactionManagementConfiguration$$EnhancerBySpringCGLIB$$d2034095] is not eligible for getting processed by all BeanPostProcessors (for example: not eligible for auto-proxying)
2020-05-23 18:28:02.620 [main] INFO  o.s.c.s.PostProcessorRegistrationDelegate$BeanPostProcessorChecker:330 - Bean 'spring.datasource.dynamic-com.baomidou.dynamic.datasource.spring.boot.autoconfigure.DynamicDataSourceProperties' of type [com.baomidou.dynamic.datasource.spring.boot.autoconfigure.DynamicDataSourceProperties] is not eligible for getting processed by all BeanPostProcessors (for example: not eligible for auto-proxying)
2020-05-23 18:28:02.637 [main] INFO  o.s.c.s.PostProcessorRegistrationDelegate$BeanPostProcessorChecker:330 - Bean 'com.baomidou.dynamic.datasource.spring.boot.autoconfigure.DynamicDataSourceAutoConfiguration' of type [com.baomidou.dynamic.datasource.spring.boot.autoconfigure.DynamicDataSourceAutoConfiguration$$EnhancerBySpringCGLIB$$3b91b166] is not eligible for getting processed by all BeanPostProcessors (for example: not eligible for auto-proxying)
2020-05-23 18:28:02.731 [main] INFO  o.s.c.s.PostProcessorRegistrationDelegate$BeanPostProcessorChecker:330 - Bean 'dsProcessor' of type [com.baomidou.dynamic.datasource.processor.DsHeaderProcessor] is not eligible for getting processed by all BeanPostProcessors (for example: not eligible for auto-proxying)
2020-05-23 18:28:02.766 [main] INFO  o.s.c.s.PostProcessorRegistrationDelegate$BeanPostProcessorChecker:330 - Bean 'dynamicDatasourceAnnotationAdvisor' of type [com.baomidou.dynamic.datasource.aop.DynamicDataSourceAnnotationAdvisor] is not eligible for getting processed by all BeanPostProcessors (for example: not eligible for auto-proxying)
2020-05-23 18:28:02.882 [main] INFO  o.s.c.s.PostProcessorRegistrationDelegate$BeanPostProcessorChecker:330 - Bean 'spring.redis-org.springframework.boot.autoconfigure.data.redis.RedisProperties' of type [org.springframework.boot.autoconfigure.data.redis.RedisProperties] is not eligible for getting processed by all BeanPostProcessors (for example: not eligible for auto-proxying)
2020-05-23 18:28:02.938 [main] INFO  o.s.c.s.PostProcessorRegistrationDelegate$BeanPostProcessorChecker:330 - Bean 'org.springframework.boot.autoconfigure.data.redis.LettuceConnectionConfiguration' of type [org.springframework.boot.autoconfigure.data.redis.LettuceConnectionConfiguration$$EnhancerBySpringCGLIB$$e71cfedf] is not eligible for getting processed by all BeanPostProcessors (for example: not eligible for auto-proxying)
2020-05-23 18:28:03.830 [main] INFO  o.s.c.s.PostProcessorRegistrationDelegate$BeanPostProcessorChecker:330 - Bean 'lettuceClientResources' of type [io.lettuce.core.resource.DefaultClientResources] is not eligible for getting processed by all BeanPostProcessors (for example: not eligible for auto-proxying)
2020-05-23 18:28:04.453 [main] INFO  o.s.c.s.PostProcessorRegistrationDelegate$BeanPostProcessorChecker:330 - Bean 'redisConnectionFactory' of type [org.springframework.data.redis.connection.lettuce.LettuceConnectionFactory] is not eligible for getting processed by all BeanPostProcessors (for example: not eligible for auto-proxying)
2020-05-23 18:28:04.503 [main] INFO  o.s.c.s.PostProcessorRegistrationDelegate$BeanPostProcessorChecker:330 - Bean 'redisConfig' of type [org.jeecg.config.RedisConfig$$EnhancerBySpringCGLIB$$3cd73175] is not eligible for getting processed by all BeanPostProcessors (for example: not eligible for auto-proxying)
2020-05-23 18:28:04.851 [main] INFO  o.s.c.s.PostProcessorRegistrationDelegate$BeanPostProcessorChecker:330 - Bean 'org.apache.shiro.spring.boot.autoconfigure.ShiroBeanAutoConfiguration' of type [org.apache.shiro.spring.boot.autoconfigure.ShiroBeanAutoConfiguration$$EnhancerBySpringCGLIB$$e51c1e45] is not eligible for getting processed by all BeanPostProcessors (for example: not eligible for auto-proxying)
2020-05-23 18:28:04.877 [main] INFO  o.s.c.s.PostProcessorRegistrationDelegate$BeanPostProcessorChecker:330 - Bean 'eventBus' of type [org.apache.shiro.event.support.DefaultEventBus] is not eligible for getting processed by all BeanPostProcessors (for example: not eligible for auto-proxying)
2020-05-23 18:28:05.952 [main] INFO  c.b.dynamic.datasource.DynamicDataSourceCreator:109 - 动态数据源-检测到druid存在,如配置中未指定type,druid会默认配置
2020-05-23 18:28:07.628 [main] INFO  com.alibaba.druid.pool.DruidDataSource:930 - {dataSource-1,master} inited
2020-05-23 18:28:07.756 [main] INFO  com.alibaba.druid.pool.DruidDataSource:930 - {dataSource-2,input} inited
2020-05-23 18:28:07.933 [main] INFO  com.alibaba.druid.pool.DruidDataSource:930 - {dataSource-3,predict} inited
2020-05-23 18:28:07.935 [main] INFO  c.b.dynamic.datasource.DynamicRoutingDataSource:189 - 初始共加载 3 个数据源
2020-05-23 18:28:07.937 [main] INFO  c.b.dynamic.datasource.DynamicRoutingDataSource:135 - 动态数据源-加载 input 成功
2020-05-23 18:28:07.938 [main] INFO  c.b.dynamic.datasource.DynamicRoutingDataSource:135 - 动态数据源-加载 predict 成功
2020-05-23 18:28:07.939 [main] INFO  c.b.dynamic.datasource.DynamicRoutingDataSource:135 - 动态数据源-加载 master 成功
2020-05-23 18:28:07.940 [main] INFO  c.b.dynamic.datasource.DynamicRoutingDataSource:198 - 当前的默认数据源是单数据源，数据源名为 master
2020-05-23 18:28:10.393 [main] WARN  c.b.mybatisplus.core.toolkit.TableInfoHelper:250 - Warn: Could not find @TableId in Class: org.jeecg.modules.predict.entity.ScmNretail.
2020-05-23 18:28:10.763 [main] WARN  c.b.mybatisplus.core.toolkit.TableInfoHelper:250 - Warn: Could not find @TableId in Class: org.jeecg.modules.result.entity.ScmNretailResult.
2020-05-23 18:28:11.015 [main] WARN  c.b.mybatisplus.core.toolkit.TableInfoHelper:250 - Warn: Could not find @TableId in Class: org.jeecg.modules.predict.vo.ScmNretailIpdVo.
2020-05-23 18:28:21.459 [main] INFO  org.mongodb.driver.cluster:71 - Cluster created with settings {hosts=[localhost:27017], mode=SINGLE, requiredClusterType=UNKNOWN, serverSelectionTimeout='30000 ms', maxWaitQueueSize=500}
2020-05-23 18:28:21.630 [cluster-ClusterId{value='5ec8fac537d1615f149d6433', description='null'}-localhost:27017] INFO  org.mongodb.driver.connection:71 - Opened connection [connectionId{localValue:1, serverValue:155}] to localhost:27017
2020-05-23 18:28:21.649 [cluster-ClusterId{value='5ec8fac537d1615f149d6433', description='null'}-localhost:27017] INFO  org.mongodb.driver.cluster:71 - Monitor thread successfully connected to server with description ServerDescription{address=localhost:27017, type=STANDALONE, state=CONNECTED, ok=true, version=ServerVersion{versionList=[4, 2, 2]}, minWireVersion=0, maxWireVersion=8, maxDocumentSize=16777216, logicalSessionTimeoutMinutes=30, roundTripTimeNanos=8346600}
2020-05-23 18:28:24.492 [main] INFO  org.mongodb.driver.cluster:71 - Cluster created with settings {hosts=[localhost:27017], mode=SINGLE, requiredClusterType=UNKNOWN, serverSelectionTimeout='30000 ms', maxWaitQueueSize=500}
2020-05-23 18:28:24.594 [cluster-ClusterId{value='5ec8fac837d1615f149d6434', description='null'}-localhost:27017] INFO  org.mongodb.driver.connection:71 - Opened connection [connectionId{localValue:2, serverValue:156}] to localhost:27017
2020-05-23 18:28:24.596 [cluster-ClusterId{value='5ec8fac837d1615f149d6434', description='null'}-localhost:27017] INFO  org.mongodb.driver.cluster:71 - Monitor thread successfully connected to server with description ServerDescription{address=localhost:27017, type=STANDALONE, state=CONNECTED, ok=true, version=ServerVersion{versionList=[4, 2, 2]}, minWireVersion=0, maxWireVersion=8, maxDocumentSize=16777216, logicalSessionTimeoutMinutes=30, roundTripTimeNanos=1524500}
2020-05-23 18:28:24.758 [main] INFO  org.mongodb.driver.cluster:71 - Cluster created with settings {hosts=[localhost:27017], mode=SINGLE, requiredClusterType=UNKNOWN, serverSelectionTimeout='30000 ms', maxWaitQueueSize=500}
2020-05-23 18:28:24.913 [cluster-ClusterId{value='5ec8fac837d1615f149d6435', description='null'}-localhost:27017] INFO  org.mongodb.driver.connection:71 - Opened connection [connectionId{localValue:3, serverValue:157}] to localhost:27017
2020-05-23 18:28:24.915 [cluster-ClusterId{value='5ec8fac837d1615f149d6435', description='null'}-localhost:27017] INFO  org.mongodb.driver.cluster:71 - Monitor thread successfully connected to server with description ServerDescription{address=localhost:27017, type=STANDALONE, state=CONNECTED, ok=true, version=ServerVersion{versionList=[4, 2, 2]}, minWireVersion=0, maxWireVersion=8, maxDocumentSize=16777216, logicalSessionTimeoutMinutes=30, roundTripTimeNanos=1108500}
2020-05-23 18:28:25.747 [main] INFO  org.quartz.impl.StdSchedulerFactory:1208 - Using default implementation for ThreadExecutor
2020-05-23 18:28:25.821 [main] INFO  org.quartz.core.SchedulerSignalerImpl:61 - Initialized Scheduler Signaller of type: class org.quartz.core.SchedulerSignalerImpl
2020-05-23 18:28:25.823 [main] INFO  org.quartz.core.QuartzScheduler:229 - Quartz Scheduler v.2.3.0 created.
2020-05-23 18:28:25.847 [main] INFO  o.s.scheduling.quartz.LocalDataSourceJobStore:672 - Using db table-based data access locking (synchronization).
2020-05-23 18:28:25.855 [main] INFO  o.s.scheduling.quartz.LocalDataSourceJobStore:145 - JobStoreCMT initialized.
2020-05-23 18:28:25.859 [main] INFO  org.quartz.core.QuartzScheduler:294 - Scheduler meta-data: Quartz Scheduler (v2.3.0) 'quartzScheduler' with instanceId 'NON_CLUSTERED'
  Scheduler class: 'org.quartz.core.QuartzScheduler' - running locally.
  NOT STARTED.
  Currently in standby mode.
  Number of jobs executed: 0
  Using thread pool 'org.quartz.simpl.SimpleThreadPool' - with 10 threads.
  Using job-store 'org.springframework.scheduling.quartz.LocalDataSourceJobStore' - which supports persistence. and is not clustered.

2020-05-23 18:28:25.862 [main] INFO  org.quartz.impl.StdSchedulerFactory:1362 - Quartz scheduler 'quartzScheduler' initialized from an externally provided properties instance.
2020-05-23 18:28:25.863 [main] INFO  org.quartz.impl.StdSchedulerFactory:1366 - Quartz scheduler version: 2.3.0
2020-05-23 18:28:25.864 [main] INFO  org.quartz.core.QuartzScheduler:2287 - JobFactory set to: org.springframework.scheduling.quartz.SpringBeanJobFactory@7da0587a
2020-05-23 18:28:37.877 [main] INFO  o.s.b.actuate.endpoint.web.EndpointLinksResolver:59 - Exposing 2 endpoint(s) beneath base path '/actuator'
2020-05-23 18:28:39.474 [main] INFO  s.d.s.w.PropertySourcedRequestMappingHandlerMapping:69 - Mapped URL path [/v2/api-docs] onto method [public org.springframework.http.ResponseEntity<springfox.documentation.spring.web.json.Json> springfox.documentation.swagger2.web.Swagger2Controller.getDocumentation(java.lang.String,javax.servlet.http.HttpServletRequest)]
2020-05-23 18:28:39.811 [main] INFO  org.jeecg.modules.executor.handle.ExecutorConfig:35 - start asyncServiceExecutor
2020-05-23 18:28:39.822 [main] INFO  o.j.m.e.handle.VisiableThreadPoolTaskExecutor:171 - Initializing ExecutorService
2020-05-23 18:28:39.912 [main] INFO  o.j.m.e.handle.VisiableThreadPoolTaskExecutor:171 - Initializing ExecutorService 'asyncServiceExecutor'
2020-05-23 18:28:46.274 [main] INFO  org.mongodb.driver.cluster:71 - Cluster created with settings {hosts=[localhost:27017], mode=SINGLE, requiredClusterType=UNKNOWN, serverSelectionTimeout='30000 ms', maxWaitQueueSize=500}
2020-05-23 18:28:46.449 [cluster-ClusterId{value='5ec8fade37d1615f149d6436', description='null'}-localhost:27017] INFO  org.mongodb.driver.connection:71 - Opened connection [connectionId{localValue:4, serverValue:158}] to localhost:27017
2020-05-23 18:28:46.453 [cluster-ClusterId{value='5ec8fade37d1615f149d6436', description='null'}-localhost:27017] INFO  org.mongodb.driver.cluster:71 - Monitor thread successfully connected to server with description ServerDescription{address=localhost:27017, type=STANDALONE, state=CONNECTED, ok=true, version=ServerVersion{versionList=[4, 2, 2]}, minWireVersion=0, maxWireVersion=8, maxDocumentSize=16777216, logicalSessionTimeoutMinutes=30, roundTripTimeNanos=2305100}
2020-05-23 18:28:51.478 [main] INFO  s.d.s.web.plugins.DocumentationPluginsBootstrapper:160 - Context refreshed
2020-05-23 18:28:51.567 [main] INFO  s.d.s.web.plugins.DocumentationPluginsBootstrapper:163 - Found 1 custom documentation plugin(s)
2020-05-23 18:28:51.728 [main] INFO  s.d.spring.web.scanners.ApiListingReferenceScanner:41 - Scanning for api listing references
2020-05-23 18:28:52.490 [main] INFO  s.d.s.w.r.operation.CachingOperationNameGenerator:40 - Generating unique operation named: addUsingPOST_1
2020-05-23 18:28:52.495 [main] INFO  s.d.s.w.r.operation.CachingOperationNameGenerator:40 - Generating unique operation named: deleteUsingDELETE_1
2020-05-23 18:28:52.515 [main] INFO  s.d.s.w.r.operation.CachingOperationNameGenerator:40 - Generating unique operation named: deleteBatchUsingDELETE_1
2020-05-23 18:28:52.527 [main] INFO  s.d.s.w.r.operation.CachingOperationNameGenerator:40 - Generating unique operation named: queryByIdUsingGET_1
2020-05-23 18:28:52.585 [main] INFO  o.s.scheduling.quartz.SchedulerFactoryBean:726 - Starting Quartz Scheduler now
2020-05-23 18:28:53.183 [main] INFO  o.s.scheduling.quartz.LocalDataSourceJobStore:866 - Freed 0 triggers from 'acquired' / 'blocked' state.
2020-05-23 18:28:53.203 [main] INFO  o.s.scheduling.quartz.LocalDataSourceJobStore:876 - Recovering 0 jobs that were in-progress at the time of the last shut-down.
2020-05-23 18:28:53.204 [main] INFO  o.s.scheduling.quartz.LocalDataSourceJobStore:889 - Recovery complete.
2020-05-23 18:28:53.206 [main] INFO  o.s.scheduling.quartz.LocalDataSourceJobStore:896 - Removed 0 'complete' triggers.
2020-05-23 18:28:53.210 [main] INFO  o.s.scheduling.quartz.LocalDataSourceJobStore:901 - Removed 0 stale fired job entries.
2020-05-23 18:28:53.213 [main] INFO  org.quartz.core.QuartzScheduler:547 - Scheduler quartzScheduler_$_NON_CLUSTERED started.
2020-05-23 18:28:53.256 [main] INFO  org.jeecg.modules.test.ThreadTestCase:59 - Started ThreadTestCase in 75.849 seconds (JVM running for 79.46)
2020-05-23 18:28:53.855 [main] INFO  org.jeecg.modules.test.ThreadTestCase:61 - ================= run_task_two_plus =======================
2020-05-23 18:28:53.856 [main] INFO  org.jeecg.modules.test.ThreadTestCase:63 - 开始请求任务2
2020-05-23 18:28:53.864 [main] INFO  o.j.m.e.handle.VisiableThreadPoolTaskExecutor:39 - async-service-, 2. do submit,taskCount [0], completedTaskCount [0], activeCount [0], queueSize [0]
2020-05-23 18:28:53.866 [main] INFO  o.j.m.e.handle.VisiableThreadPoolTaskExecutor:39 - async-service-, 2. do submit,taskCount [1], completedTaskCount [0], activeCount [1], queueSize [0]
2020-05-23 18:28:53.867 [main] INFO  o.j.m.e.handle.VisiableThreadPoolTaskExecutor:39 - async-service-, 2. do submit,taskCount [2], completedTaskCount [0], activeCount [2], queueSize [0]
2020-05-23 18:28:53.868 [main] INFO  o.j.m.e.handle.VisiableThreadPoolTaskExecutor:39 - async-service-, 2. do submit,taskCount [3], completedTaskCount [0], activeCount [3], queueSize [0]
2020-05-23 18:28:53.869 [main] INFO  o.j.m.e.handle.VisiableThreadPoolTaskExecutor:39 - async-service-, 2. do submit,taskCount [4], completedTaskCount [0], activeCount [4], queueSize [0]
2020-05-23 18:28:53.870 [main] INFO  o.j.m.e.handle.VisiableThreadPoolTaskExecutor:39 - async-service-, 2. do submit,taskCount [5], completedTaskCount [0], activeCount [5], queueSize [0]
2020-05-23 18:28:53.872 [main] INFO  o.j.m.e.handle.VisiableThreadPoolTaskExecutor:39 - async-service-, 2. do submit,taskCount [6], completedTaskCount [0], activeCount [5], queueSize [1]
2020-05-23 18:28:53.873 [main] INFO  o.j.m.e.handle.VisiableThreadPoolTaskExecutor:39 - async-service-, 2. do submit,taskCount [7], completedTaskCount [0], activeCount [5], queueSize [2]
2020-05-23 18:28:53.874 [main] INFO  o.j.m.e.handle.VisiableThreadPoolTaskExecutor:39 - async-service-, 2. do submit,taskCount [8], completedTaskCount [0], activeCount [5], queueSize [3]
2020-05-23 18:28:53.874 [main] INFO  o.j.m.e.handle.VisiableThreadPoolTaskExecutor:39 - async-service-, 2. do submit,taskCount [9], completedTaskCount [0], activeCount [5], queueSize [4]
2020-05-23 18:28:53.875 [main] INFO  o.j.m.e.handle.VisiableThreadPoolTaskExecutor:39 - async-service-, 2. do submit,taskCount [10], completedTaskCount [0], activeCount [5], queueSize [5]
2020-05-23 18:28:53.902 [async-service-1] INFO  org.jeecg.modules.util.PythonCommand:41 - exec_python_command : /opt/anaconda3/bin/python /root/cmdc/bin/python/main_online_go.py -i D:\\Desktop\\office\\out\\0scm_nretail_ipw_002127096701003000_440000.csv -o D:\\Desktop\\office\\result\\0scm_nretail_ipw_002127096701003000_440000.csv |tee -a /root/cmdc/log/0scm_nretail_ipw_002127096701003000_440000.log
2020-05-23 18:28:53.904 [async-service-2] INFO  org.jeecg.modules.util.PythonCommand:41 - exec_python_command : /opt/anaconda3/bin/python /root/cmdc/bin/python/main_online_go.py -i D:\\Desktop\\office\\out\\1scm_nretail_ipw_002127096701003000_440000.csv -o D:\\Desktop\\office\\result\\1scm_nretail_ipw_002127096701003000_440000.csv |tee -a /root/cmdc/log/1scm_nretail_ipw_002127096701003000_440000.log
2020-05-23 18:28:53.907 [async-service-3] INFO  org.jeecg.modules.util.PythonCommand:41 - exec_python_command : /opt/anaconda3/bin/python /root/cmdc/bin/python/main_online_go.py -i D:\\Desktop\\office\\out\\2scm_nretail_ipw_002127096701003000_440000.csv -o D:\\Desktop\\office\\result\\2scm_nretail_ipw_002127096701003000_440000.csv |tee -a /root/cmdc/log/2scm_nretail_ipw_002127096701003000_440000.log
2020-05-23 18:28:53.909 [async-service-4] INFO  org.jeecg.modules.util.PythonCommand:41 - exec_python_command : /opt/anaconda3/bin/python /root/cmdc/bin/python/main_online_go.py -i D:\\Desktop\\office\\out\\3scm_nretail_ipw_002127096701003000_440000.csv -o D:\\Desktop\\office\\result\\3scm_nretail_ipw_002127096701003000_440000.csv |tee -a /root/cmdc/log/3scm_nretail_ipw_002127096701003000_440000.log
2020-05-23 18:28:53.910 [async-service-5] INFO  org.jeecg.modules.util.PythonCommand:41 - exec_python_command : /opt/anaconda3/bin/python /root/cmdc/bin/python/main_online_go.py -i D:\\Desktop\\office\\out\\4scm_nretail_ipw_002127096701003000_440000.csv -o D:\\Desktop\\office\\result\\4scm_nretail_ipw_002127096701003000_440000.csv |tee -a /root/cmdc/log/4scm_nretail_ipw_002127096701003000_440000.log
2020-05-23 18:28:53.921 [Thread-5] INFO  org.quartz.core.QuartzScheduler:585 - Scheduler quartzScheduler_$_NON_CLUSTERED paused.
2020-05-23 18:28:53.934 [Thread-5] INFO  o.j.m.e.handle.VisiableThreadPoolTaskExecutor:208 - Shutting down ExecutorService 'asyncServiceExecutor'
2020-05-23 18:28:53.949 [Thread-5] INFO  o.s.scheduling.quartz.SchedulerFactoryBean:844 - Shutting down Quartz Scheduler
2020-05-23 18:28:53.950 [Thread-5] INFO  org.quartz.core.QuartzScheduler:666 - Scheduler quartzScheduler_$_NON_CLUSTERED shutting down.
2020-05-23 18:28:53.950 [Thread-5] INFO  org.quartz.core.QuartzScheduler:585 - Scheduler quartzScheduler_$_NON_CLUSTERED paused.
2020-05-23 18:28:53.956 [Thread-5] INFO  org.quartz.core.QuartzScheduler:740 - Scheduler quartzScheduler_$_NON_CLUSTERED shutdown complete.
2020-05-23 18:28:53.965 [Thread-5] INFO  c.b.dynamic.datasource.DynamicRoutingDataSource:175 - closing dynamicDatasource  ing....
2020-05-23 18:28:53.985 [Thread-5] INFO  com.alibaba.druid.pool.DruidDataSource:1825 - {dataSource-2} closed
2020-05-23 18:28:53.994 [Thread-5] INFO  com.alibaba.druid.pool.DruidDataSource:1825 - {dataSource-3} closed
2020-05-23 18:28:54.002 [Thread-5] INFO  com.alibaba.druid.pool.DruidDataSource:1825 - {dataSource-1} closed
2020-05-23 18:32:18.322 [main] INFO  org.jeecg.modules.test.ThreadTestCase:50 - Starting ThreadTestCase on cmcc-PC with PID 20776 (started by cmcc in D:\software\zhongduan\jeecg-boot\jeecg-boot-module-system)
2020-05-23 18:32:18.327 [main] INFO  org.jeecg.modules.test.ThreadTestCase:679 - The following profiles are active: dev
2020-05-23 18:32:24.523 [main] WARN  org.mybatis.spring.mapper.ClassPathMapperScanner:166 - No MyBatis mapper was found in '[org.jeecg.config.rule.mapper.*]' package. Please check your configuration.
2020-05-23 18:32:26.530 [main] INFO  o.s.d.r.config.RepositoryConfigurationDelegate:244 - Multiple Spring Data modules found, entering strict repository configuration mode!
2020-05-23 18:32:26.536 [main] INFO  o.s.d.r.config.RepositoryConfigurationDelegate:126 - Bootstrapping Spring Data repositories in DEFAULT mode.
2020-05-23 18:32:26.967 [main] INFO  o.s.d.r.config.RepositoryConfigurationDelegate:182 - Finished Spring Data repository scanning in 374ms. Found 0 repository interfaces.
2020-05-23 18:32:27.000 [main] INFO  o.s.d.r.config.RepositoryConfigurationDelegate:244 - Multiple Spring Data modules found, entering strict repository configuration mode!
2020-05-23 18:32:27.005 [main] INFO  o.s.d.r.config.RepositoryConfigurationDelegate:126 - Bootstrapping Spring Data repositories in DEFAULT mode.
2020-05-23 18:32:27.401 [main] INFO  o.s.d.r.config.RepositoryConfigurationDelegate:182 - Finished Spring Data repository scanning in 314ms. Found 0 repository interfaces.
2020-05-23 18:32:29.843 [main] INFO  o.s.c.s.PostProcessorRegistrationDelegate$BeanPostProcessorChecker:330 - Bean 'shiroConfig' of type [org.jeecg.config.ShiroConfig$$EnhancerBySpringCGLIB$$5154e15c] is not eligible for getting processed by all BeanPostProcessors (for example: not eligible for auto-proxying)
2020-05-23 18:32:30.449 [main] INFO  o.s.c.s.PostProcessorRegistrationDelegate$BeanPostProcessorChecker:330 - Bean 'shiroRealm' of type [org.jeecg.modules.shiro.authc.ShiroRealm] is not eligible for getting processed by all BeanPostProcessors (for example: not eligible for auto-proxying)
2020-05-23 18:32:38.893 [main] INFO  o.s.c.s.PostProcessorRegistrationDelegate$BeanPostProcessorChecker:330 - Bean 'securityManager' of type [org.apache.shiro.web.mgt.DefaultWebSecurityManager] is not eligible for getting processed by all BeanPostProcessors (for example: not eligible for auto-proxying)
2020-05-23 18:32:39.148 [main] INFO  o.s.c.s.PostProcessorRegistrationDelegate$BeanPostProcessorChecker:330 - Bean 'authorizationAttributeSourceAdvisor' of type [org.apache.shiro.spring.security.interceptor.AuthorizationAttributeSourceAdvisor] is not eligible for getting processed by all BeanPostProcessors (for example: not eligible for auto-proxying)
2020-05-23 18:32:39.306 [main] INFO  o.s.c.s.PostProcessorRegistrationDelegate$BeanPostProcessorChecker:330 - Bean 'org.springframework.transaction.annotation.ProxyTransactionManagementConfiguration' of type [org.springframework.transaction.annotation.ProxyTransactionManagementConfiguration$$EnhancerBySpringCGLIB$$314f77c6] is not eligible for getting processed by all BeanPostProcessors (for example: not eligible for auto-proxying)
2020-05-23 18:32:40.329 [main] INFO  o.s.c.s.PostProcessorRegistrationDelegate$BeanPostProcessorChecker:330 - Bean 'spring.datasource.dynamic-com.baomidou.dynamic.datasource.spring.boot.autoconfigure.DynamicDataSourceProperties' of type [com.baomidou.dynamic.datasource.spring.boot.autoconfigure.DynamicDataSourceProperties] is not eligible for getting processed by all BeanPostProcessors (for example: not eligible for auto-proxying)
2020-05-23 18:32:40.354 [main] INFO  o.s.c.s.PostProcessorRegistrationDelegate$BeanPostProcessorChecker:330 - Bean 'com.baomidou.dynamic.datasource.spring.boot.autoconfigure.DynamicDataSourceAutoConfiguration' of type [com.baomidou.dynamic.datasource.spring.boot.autoconfigure.DynamicDataSourceAutoConfiguration$$EnhancerBySpringCGLIB$$9adde897] is not eligible for getting processed by all BeanPostProcessors (for example: not eligible for auto-proxying)
2020-05-23 18:32:40.400 [main] INFO  o.s.c.s.PostProcessorRegistrationDelegate$BeanPostProcessorChecker:330 - Bean 'dsProcessor' of type [com.baomidou.dynamic.datasource.processor.DsHeaderProcessor] is not eligible for getting processed by all BeanPostProcessors (for example: not eligible for auto-proxying)
2020-05-23 18:32:40.424 [main] INFO  o.s.c.s.PostProcessorRegistrationDelegate$BeanPostProcessorChecker:330 - Bean 'dynamicDatasourceAnnotationAdvisor' of type [com.baomidou.dynamic.datasource.aop.DynamicDataSourceAnnotationAdvisor] is not eligible for getting processed by all BeanPostProcessors (for example: not eligible for auto-proxying)
2020-05-23 18:32:40.529 [main] INFO  o.s.c.s.PostProcessorRegistrationDelegate$BeanPostProcessorChecker:330 - Bean 'spring.redis-org.springframework.boot.autoconfigure.data.redis.RedisProperties' of type [org.springframework.boot.autoconfigure.data.redis.RedisProperties] is not eligible for getting processed by all BeanPostProcessors (for example: not eligible for auto-proxying)
2020-05-23 18:32:40.583 [main] INFO  o.s.c.s.PostProcessorRegistrationDelegate$BeanPostProcessorChecker:330 - Bean 'org.springframework.boot.autoconfigure.data.redis.LettuceConnectionConfiguration' of type [org.springframework.boot.autoconfigure.data.redis.LettuceConnectionConfiguration$$EnhancerBySpringCGLIB$$46693610] is not eligible for getting processed by all BeanPostProcessors (for example: not eligible for auto-proxying)
2020-05-23 18:32:41.496 [main] INFO  o.s.c.s.PostProcessorRegistrationDelegate$BeanPostProcessorChecker:330 - Bean 'lettuceClientResources' of type [io.lettuce.core.resource.DefaultClientResources] is not eligible for getting processed by all BeanPostProcessors (for example: not eligible for auto-proxying)
2020-05-23 18:32:41.989 [main] INFO  o.s.c.s.PostProcessorRegistrationDelegate$BeanPostProcessorChecker:330 - Bean 'redisConnectionFactory' of type [org.springframework.data.redis.connection.lettuce.LettuceConnectionFactory] is not eligible for getting processed by all BeanPostProcessors (for example: not eligible for auto-proxying)
2020-05-23 18:32:42.067 [main] INFO  o.s.c.s.PostProcessorRegistrationDelegate$BeanPostProcessorChecker:330 - Bean 'redisConfig' of type [org.jeecg.config.RedisConfig$$EnhancerBySpringCGLIB$$9c2368a6] is not eligible for getting processed by all BeanPostProcessors (for example: not eligible for auto-proxying)
2020-05-23 18:32:42.378 [main] INFO  o.s.c.s.PostProcessorRegistrationDelegate$BeanPostProcessorChecker:330 - Bean 'org.apache.shiro.spring.boot.autoconfigure.ShiroBeanAutoConfiguration' of type [org.apache.shiro.spring.boot.autoconfigure.ShiroBeanAutoConfiguration$$EnhancerBySpringCGLIB$$44685576] is not eligible for getting processed by all BeanPostProcessors (for example: not eligible for auto-proxying)
2020-05-23 18:32:42.422 [main] INFO  o.s.c.s.PostProcessorRegistrationDelegate$BeanPostProcessorChecker:330 - Bean 'eventBus' of type [org.apache.shiro.event.support.DefaultEventBus] is not eligible for getting processed by all BeanPostProcessors (for example: not eligible for auto-proxying)
2020-05-23 18:32:43.488 [main] INFO  c.b.dynamic.datasource.DynamicDataSourceCreator:109 - 动态数据源-检测到druid存在,如配置中未指定type,druid会默认配置
2020-05-23 18:32:44.591 [main] INFO  com.alibaba.druid.pool.DruidDataSource:930 - {dataSource-1,master} inited
2020-05-23 18:32:44.666 [main] INFO  com.alibaba.druid.pool.DruidDataSource:930 - {dataSource-2,input} inited
2020-05-23 18:32:44.806 [main] INFO  com.alibaba.druid.pool.DruidDataSource:930 - {dataSource-3,predict} inited
2020-05-23 18:32:44.807 [main] INFO  c.b.dynamic.datasource.DynamicRoutingDataSource:189 - 初始共加载 3 个数据源
2020-05-23 18:32:44.809 [main] INFO  c.b.dynamic.datasource.DynamicRoutingDataSource:135 - 动态数据源-加载 input 成功
2020-05-23 18:32:44.810 [main] INFO  c.b.dynamic.datasource.DynamicRoutingDataSource:135 - 动态数据源-加载 predict 成功
2020-05-23 18:32:44.814 [main] INFO  c.b.dynamic.datasource.DynamicRoutingDataSource:135 - 动态数据源-加载 master 成功
2020-05-23 18:32:44.816 [main] INFO  c.b.dynamic.datasource.DynamicRoutingDataSource:198 - 当前的默认数据源是单数据源，数据源名为 master
2020-05-23 18:32:47.557 [main] WARN  c.b.mybatisplus.core.toolkit.TableInfoHelper:250 - Warn: Could not find @TableId in Class: org.jeecg.modules.predict.entity.ScmNretail.
2020-05-23 18:32:47.832 [main] WARN  c.b.mybatisplus.core.toolkit.TableInfoHelper:250 - Warn: Could not find @TableId in Class: org.jeecg.modules.result.entity.ScmNretailResult.
2020-05-23 18:32:47.984 [main] WARN  c.b.mybatisplus.core.toolkit.TableInfoHelper:250 - Warn: Could not find @TableId in Class: org.jeecg.modules.predict.vo.ScmNretailIpdVo.
2020-05-23 18:32:58.733 [main] INFO  org.mongodb.driver.cluster:71 - Cluster created with settings {hosts=[localhost:27017], mode=SINGLE, requiredClusterType=UNKNOWN, serverSelectionTimeout='30000 ms', maxWaitQueueSize=500}
2020-05-23 18:32:58.883 [cluster-ClusterId{value='5ec8fbda37d16151282df573', description='null'}-localhost:27017] INFO  org.mongodb.driver.connection:71 - Opened connection [connectionId{localValue:1, serverValue:159}] to localhost:27017
2020-05-23 18:32:58.909 [cluster-ClusterId{value='5ec8fbda37d16151282df573', description='null'}-localhost:27017] INFO  org.mongodb.driver.cluster:71 - Monitor thread successfully connected to server with description ServerDescription{address=localhost:27017, type=STANDALONE, state=CONNECTED, ok=true, version=ServerVersion{versionList=[4, 2, 2]}, minWireVersion=0, maxWireVersion=8, maxDocumentSize=16777216, logicalSessionTimeoutMinutes=30, roundTripTimeNanos=9495200}
2020-05-23 18:33:02.075 [main] INFO  org.mongodb.driver.cluster:71 - Cluster created with settings {hosts=[localhost:27017], mode=SINGLE, requiredClusterType=UNKNOWN, serverSelectionTimeout='30000 ms', maxWaitQueueSize=500}
2020-05-23 18:33:02.198 [cluster-ClusterId{value='5ec8fbde37d16151282df574', description='null'}-localhost:27017] INFO  org.mongodb.driver.connection:71 - Opened connection [connectionId{localValue:2, serverValue:160}] to localhost:27017
2020-05-23 18:33:02.200 [cluster-ClusterId{value='5ec8fbde37d16151282df574', description='null'}-localhost:27017] INFO  org.mongodb.driver.cluster:71 - Monitor thread successfully connected to server with description ServerDescription{address=localhost:27017, type=STANDALONE, state=CONNECTED, ok=true, version=ServerVersion{versionList=[4, 2, 2]}, minWireVersion=0, maxWireVersion=8, maxDocumentSize=16777216, logicalSessionTimeoutMinutes=30, roundTripTimeNanos=1631800}
2020-05-23 18:33:02.337 [main] INFO  org.mongodb.driver.cluster:71 - Cluster created with settings {hosts=[localhost:27017], mode=SINGLE, requiredClusterType=UNKNOWN, serverSelectionTimeout='30000 ms', maxWaitQueueSize=500}
2020-05-23 18:33:02.448 [cluster-ClusterId{value='5ec8fbde37d16151282df575', description='null'}-localhost:27017] INFO  org.mongodb.driver.connection:71 - Opened connection [connectionId{localValue:3, serverValue:161}] to localhost:27017
2020-05-23 18:33:02.450 [cluster-ClusterId{value='5ec8fbde37d16151282df575', description='null'}-localhost:27017] INFO  org.mongodb.driver.cluster:71 - Monitor thread successfully connected to server with description ServerDescription{address=localhost:27017, type=STANDALONE, state=CONNECTED, ok=true, version=ServerVersion{versionList=[4, 2, 2]}, minWireVersion=0, maxWireVersion=8, maxDocumentSize=16777216, logicalSessionTimeoutMinutes=30, roundTripTimeNanos=951500}
2020-05-23 18:33:03.191 [main] INFO  org.quartz.impl.StdSchedulerFactory:1208 - Using default implementation for ThreadExecutor
2020-05-23 18:33:03.239 [main] INFO  org.quartz.core.SchedulerSignalerImpl:61 - Initialized Scheduler Signaller of type: class org.quartz.core.SchedulerSignalerImpl
2020-05-23 18:33:03.242 [main] INFO  org.quartz.core.QuartzScheduler:229 - Quartz Scheduler v.2.3.0 created.
2020-05-23 18:33:03.260 [main] INFO  o.s.scheduling.quartz.LocalDataSourceJobStore:672 - Using db table-based data access locking (synchronization).
2020-05-23 18:33:03.274 [main] INFO  o.s.scheduling.quartz.LocalDataSourceJobStore:145 - JobStoreCMT initialized.
2020-05-23 18:33:03.277 [main] INFO  org.quartz.core.QuartzScheduler:294 - Scheduler meta-data: Quartz Scheduler (v2.3.0) 'quartzScheduler' with instanceId 'NON_CLUSTERED'
  Scheduler class: 'org.quartz.core.QuartzScheduler' - running locally.
  NOT STARTED.
  Currently in standby mode.
  Number of jobs executed: 0
  Using thread pool 'org.quartz.simpl.SimpleThreadPool' - with 10 threads.
  Using job-store 'org.springframework.scheduling.quartz.LocalDataSourceJobStore' - which supports persistence. and is not clustered.

2020-05-23 18:33:03.278 [main] INFO  org.quartz.impl.StdSchedulerFactory:1362 - Quartz scheduler 'quartzScheduler' initialized from an externally provided properties instance.
2020-05-23 18:33:03.280 [main] INFO  org.quartz.impl.StdSchedulerFactory:1366 - Quartz scheduler version: 2.3.0
2020-05-23 18:33:03.281 [main] INFO  org.quartz.core.QuartzScheduler:2287 - JobFactory set to: org.springframework.scheduling.quartz.SpringBeanJobFactory@2d398cfb
2020-05-23 18:33:14.281 [main] INFO  o.s.b.actuate.endpoint.web.EndpointLinksResolver:59 - Exposing 2 endpoint(s) beneath base path '/actuator'
2020-05-23 18:33:15.848 [main] INFO  s.d.s.w.PropertySourcedRequestMappingHandlerMapping:69 - Mapped URL path [/v2/api-docs] onto method [public org.springframework.http.ResponseEntity<springfox.documentation.spring.web.json.Json> springfox.documentation.swagger2.web.Swagger2Controller.getDocumentation(java.lang.String,javax.servlet.http.HttpServletRequest)]
2020-05-23 18:33:16.171 [main] INFO  org.jeecg.modules.executor.handle.ExecutorConfig:35 - start asyncServiceExecutor
2020-05-23 18:33:16.183 [main] INFO  o.j.m.e.handle.VisiableThreadPoolTaskExecutor:171 - Initializing ExecutorService
2020-05-23 18:33:16.260 [main] INFO  o.j.m.e.handle.VisiableThreadPoolTaskExecutor:171 - Initializing ExecutorService 'asyncServiceExecutor'
2020-05-23 18:33:24.277 [main] INFO  org.mongodb.driver.cluster:71 - Cluster created with settings {hosts=[localhost:27017], mode=SINGLE, requiredClusterType=UNKNOWN, serverSelectionTimeout='30000 ms', maxWaitQueueSize=500}
2020-05-23 18:33:24.397 [cluster-ClusterId{value='5ec8fbf437d16151282df576', description='null'}-localhost:27017] INFO  org.mongodb.driver.connection:71 - Opened connection [connectionId{localValue:4, serverValue:162}] to localhost:27017
2020-05-23 18:33:24.399 [cluster-ClusterId{value='5ec8fbf437d16151282df576', description='null'}-localhost:27017] INFO  org.mongodb.driver.cluster:71 - Monitor thread successfully connected to server with description ServerDescription{address=localhost:27017, type=STANDALONE, state=CONNECTED, ok=true, version=ServerVersion{versionList=[4, 2, 2]}, minWireVersion=0, maxWireVersion=8, maxDocumentSize=16777216, logicalSessionTimeoutMinutes=30, roundTripTimeNanos=1043600}
2020-05-23 18:33:29.125 [main] INFO  s.d.s.web.plugins.DocumentationPluginsBootstrapper:160 - Context refreshed
2020-05-23 18:33:29.206 [main] INFO  s.d.s.web.plugins.DocumentationPluginsBootstrapper:163 - Found 1 custom documentation plugin(s)
2020-05-23 18:33:29.332 [main] INFO  s.d.spring.web.scanners.ApiListingReferenceScanner:41 - Scanning for api listing references
2020-05-23 18:33:30.076 [main] INFO  s.d.s.w.r.operation.CachingOperationNameGenerator:40 - Generating unique operation named: addUsingPOST_1
2020-05-23 18:33:30.082 [main] INFO  s.d.s.w.r.operation.CachingOperationNameGenerator:40 - Generating unique operation named: deleteUsingDELETE_1
2020-05-23 18:33:30.088 [main] INFO  s.d.s.w.r.operation.CachingOperationNameGenerator:40 - Generating unique operation named: deleteBatchUsingDELETE_1
2020-05-23 18:33:30.097 [main] INFO  s.d.s.w.r.operation.CachingOperationNameGenerator:40 - Generating unique operation named: queryByIdUsingGET_1
2020-05-23 18:33:30.157 [main] INFO  o.s.scheduling.quartz.SchedulerFactoryBean:726 - Starting Quartz Scheduler now
2020-05-23 18:33:30.591 [main] INFO  o.s.scheduling.quartz.LocalDataSourceJobStore:866 - Freed 0 triggers from 'acquired' / 'blocked' state.
2020-05-23 18:33:30.609 [main] INFO  o.s.scheduling.quartz.LocalDataSourceJobStore:876 - Recovering 0 jobs that were in-progress at the time of the last shut-down.
2020-05-23 18:33:30.609 [main] INFO  o.s.scheduling.quartz.LocalDataSourceJobStore:889 - Recovery complete.
2020-05-23 18:33:30.613 [main] INFO  o.s.scheduling.quartz.LocalDataSourceJobStore:896 - Removed 0 'complete' triggers.
2020-05-23 18:33:30.616 [main] INFO  o.s.scheduling.quartz.LocalDataSourceJobStore:901 - Removed 0 stale fired job entries.
2020-05-23 18:33:30.619 [main] INFO  org.quartz.core.QuartzScheduler:547 - Scheduler quartzScheduler_$_NON_CLUSTERED started.
2020-05-23 18:33:30.676 [main] INFO  org.jeecg.modules.test.ThreadTestCase:59 - Started ThreadTestCase in 74.786 seconds (JVM running for 79.077)
2020-05-23 18:33:31.344 [main] INFO  org.jeecg.modules.test.ThreadTestCase:61 - ================= run_task_two_plus =======================
2020-05-23 18:33:31.345 [main] INFO  org.jeecg.modules.test.ThreadTestCase:63 - 开始请求任务2
2020-05-23 18:33:31.353 [main] INFO  o.j.m.e.handle.VisiableThreadPoolTaskExecutor:39 - async-service-, 2. do submit,taskCount [0], completedTaskCount [0], activeCount [0], queueSize [0]
2020-05-23 18:33:31.354 [main] INFO  o.j.m.e.handle.VisiableThreadPoolTaskExecutor:39 - async-service-, 2. do submit,taskCount [1], completedTaskCount [0], activeCount [1], queueSize [0]
2020-05-23 18:33:31.357 [main] INFO  o.j.m.e.handle.VisiableThreadPoolTaskExecutor:39 - async-service-, 2. do submit,taskCount [2], completedTaskCount [0], activeCount [2], queueSize [0]
2020-05-23 18:33:31.358 [main] INFO  o.j.m.e.handle.VisiableThreadPoolTaskExecutor:39 - async-service-, 2. do submit,taskCount [3], completedTaskCount [0], activeCount [3], queueSize [0]
2020-05-23 18:33:31.359 [main] INFO  o.j.m.e.handle.VisiableThreadPoolTaskExecutor:39 - async-service-, 2. do submit,taskCount [4], completedTaskCount [0], activeCount [4], queueSize [0]
2020-05-23 18:33:31.360 [main] INFO  o.j.m.e.handle.VisiableThreadPoolTaskExecutor:39 - async-service-, 2. do submit,taskCount [5], completedTaskCount [0], activeCount [5], queueSize [0]
2020-05-23 18:33:31.362 [main] INFO  o.j.m.e.handle.VisiableThreadPoolTaskExecutor:39 - async-service-, 2. do submit,taskCount [6], completedTaskCount [0], activeCount [5], queueSize [1]
2020-05-23 18:33:31.363 [main] INFO  o.j.m.e.handle.VisiableThreadPoolTaskExecutor:39 - async-service-, 2. do submit,taskCount [7], completedTaskCount [0], activeCount [5], queueSize [2]
2020-05-23 18:33:31.364 [main] INFO  o.j.m.e.handle.VisiableThreadPoolTaskExecutor:39 - async-service-, 2. do submit,taskCount [8], completedTaskCount [0], activeCount [5], queueSize [3]
2020-05-23 18:33:31.365 [main] INFO  o.j.m.e.handle.VisiableThreadPoolTaskExecutor:39 - async-service-, 2. do submit,taskCount [9], completedTaskCount [0], activeCount [5], queueSize [4]
2020-05-23 18:33:31.366 [main] INFO  o.j.m.e.handle.VisiableThreadPoolTaskExecutor:39 - async-service-, 2. do submit,taskCount [10], completedTaskCount [0], activeCount [5], queueSize [5]
2020-05-23 18:33:31.442 [async-service-1] INFO  org.jeecg.modules.util.PythonCommand:41 - exec_python_command : /opt/anaconda3/bin/python /root/cmdc/bin/python/main_online_go.py -i D:\\Desktop\\office\\out\\0scm_nretail_ipw_002127096701003000_440000.csv -o D:\\Desktop\\office\\result\\0scm_nretail_ipw_002127096701003000_440000.csv |tee -a /root/cmdc/log/0scm_nretail_ipw_002127096701003000_440000.log
2020-05-23 18:33:31.443 [async-service-3] INFO  org.jeecg.modules.util.PythonCommand:41 - exec_python_command : /opt/anaconda3/bin/python /root/cmdc/bin/python/main_online_go.py -i D:\\Desktop\\office\\out\\2scm_nretail_ipw_002127096701003000_440000.csv -o D:\\Desktop\\office\\result\\2scm_nretail_ipw_002127096701003000_440000.csv |tee -a /root/cmdc/log/2scm_nretail_ipw_002127096701003000_440000.log
2020-05-23 18:33:31.444 [async-service-5] INFO  org.jeecg.modules.util.PythonCommand:41 - exec_python_command : /opt/anaconda3/bin/python /root/cmdc/bin/python/main_online_go.py -i D:\\Desktop\\office\\out\\4scm_nretail_ipw_002127096701003000_440000.csv -o D:\\Desktop\\office\\result\\4scm_nretail_ipw_002127096701003000_440000.csv |tee -a /root/cmdc/log/4scm_nretail_ipw_002127096701003000_440000.log
2020-05-23 18:33:31.445 [async-service-2] INFO  org.jeecg.modules.util.PythonCommand:41 - exec_python_command : /opt/anaconda3/bin/python /root/cmdc/bin/python/main_online_go.py -i D:\\Desktop\\office\\out\\1scm_nretail_ipw_002127096701003000_440000.csv -o D:\\Desktop\\office\\result\\1scm_nretail_ipw_002127096701003000_440000.csv |tee -a /root/cmdc/log/1scm_nretail_ipw_002127096701003000_440000.log
2020-05-23 18:33:31.461 [async-service-4] INFO  org.jeecg.modules.util.PythonCommand:41 - exec_python_command : /opt/anaconda3/bin/python /root/cmdc/bin/python/main_online_go.py -i D:\\Desktop\\office\\out\\3scm_nretail_ipw_002127096701003000_440000.csv -o D:\\Desktop\\office\\result\\3scm_nretail_ipw_002127096701003000_440000.csv |tee -a /root/cmdc/log/3scm_nretail_ipw_002127096701003000_440000.log
2020-05-23 18:33:41.444 [async-service-1] INFO  org.jeecg.modules.util.PythonCommand:85 - python exit result: true
2020-05-23 18:33:41.444 [async-service-1] INFO  org.jeecg.modules.util.PythonCommand:87 - 0scm_nretail_ipw_002127096701003000_440000.csv脚本运行时间：10秒
2020-05-23 18:33:41.445 [async-service-3] INFO  org.jeecg.modules.util.PythonCommand:85 - python exit result: true
2020-05-23 18:33:41.445 [async-service-3] INFO  org.jeecg.modules.util.PythonCommand:87 - 2scm_nretail_ipw_002127096701003000_440000.csv脚本运行时间：10秒
2020-05-23 18:33:41.447 [async-service-2] INFO  org.jeecg.modules.util.PythonCommand:85 - python exit result: true
2020-05-23 18:33:41.447 [async-service-5] INFO  org.jeecg.modules.util.PythonCommand:85 - python exit result: true
2020-05-23 18:33:41.447 [async-service-1] INFO  org.jeecg.modules.util.PythonCommand:41 - exec_python_command : /opt/anaconda3/bin/python /root/cmdc/bin/python/main_online_go.py -i D:\\Desktop\\office\\out\\5scm_nretail_ipw_002127096701003000_440000.csv -o D:\\Desktop\\office\\result\\5scm_nretail_ipw_002127096701003000_440000.csv |tee -a /root/cmdc/log/5scm_nretail_ipw_002127096701003000_440000.log
2020-05-23 18:33:41.447 [async-service-5] INFO  org.jeecg.modules.util.PythonCommand:87 - 4scm_nretail_ipw_002127096701003000_440000.csv脚本运行时间：10秒
2020-05-23 18:33:41.447 [async-service-2] INFO  org.jeecg.modules.util.PythonCommand:87 - 1scm_nretail_ipw_002127096701003000_440000.csv脚本运行时间：10秒
2020-05-23 18:33:41.448 [async-service-3] INFO  org.jeecg.modules.util.PythonCommand:41 - exec_python_command : /opt/anaconda3/bin/python /root/cmdc/bin/python/main_online_go.py -i D:\\Desktop\\office\\out\\6scm_nretail_ipw_002127096701003000_440000.csv -o D:\\Desktop\\office\\result\\6scm_nretail_ipw_002127096701003000_440000.csv |tee -a /root/cmdc/log/6scm_nretail_ipw_002127096701003000_440000.log
2020-05-23 18:33:41.448 [async-service-2] INFO  org.jeecg.modules.util.PythonCommand:41 - exec_python_command : /opt/anaconda3/bin/python /root/cmdc/bin/python/main_online_go.py -i D:\\Desktop\\office\\out\\7scm_nretail_ipw_002127096701003000_440000.csv -o D:\\Desktop\\office\\result\\7scm_nretail_ipw_002127096701003000_440000.csv |tee -a /root/cmdc/log/7scm_nretail_ipw_002127096701003000_440000.log
2020-05-23 18:33:41.448 [async-service-5] INFO  org.jeecg.modules.util.PythonCommand:41 - exec_python_command : /opt/anaconda3/bin/python /root/cmdc/bin/python/main_online_go.py -i D:\\Desktop\\office\\out\\8scm_nretail_ipw_002127096701003000_440000.csv -o D:\\Desktop\\office\\result\\8scm_nretail_ipw_002127096701003000_440000.csv |tee -a /root/cmdc/log/8scm_nretail_ipw_002127096701003000_440000.log
2020-05-23 18:33:41.462 [async-service-4] INFO  org.jeecg.modules.util.PythonCommand:85 - python exit result: true
2020-05-23 18:33:41.462 [async-service-4] INFO  org.jeecg.modules.util.PythonCommand:87 - 3scm_nretail_ipw_002127096701003000_440000.csv脚本运行时间：10秒
2020-05-23 18:33:41.462 [async-service-4] INFO  org.jeecg.modules.util.PythonCommand:41 - exec_python_command : /opt/anaconda3/bin/python /root/cmdc/bin/python/main_online_go.py -i D:\\Desktop\\office\\out\\9scm_nretail_ipw_002127096701003000_440000.csv -o D:\\Desktop\\office\\result\\9scm_nretail_ipw_002127096701003000_440000.csv |tee -a /root/cmdc/log/9scm_nretail_ipw_002127096701003000_440000.log
2020-05-23 18:33:51.448 [async-service-3] INFO  org.jeecg.modules.util.PythonCommand:85 - python exit result: true
2020-05-23 18:33:51.448 [async-service-1] INFO  org.jeecg.modules.util.PythonCommand:85 - python exit result: true
2020-05-23 18:33:51.448 [async-service-3] INFO  org.jeecg.modules.util.PythonCommand:87 - 6scm_nretail_ipw_002127096701003000_440000.csv脚本运行时间：10秒
2020-05-23 18:33:51.448 [async-service-1] INFO  org.jeecg.modules.util.PythonCommand:87 - 5scm_nretail_ipw_002127096701003000_440000.csv脚本运行时间：10秒
2020-05-23 18:33:51.449 [async-service-5] INFO  org.jeecg.modules.util.PythonCommand:85 - python exit result: true
2020-05-23 18:33:51.450 [async-service-5] INFO  org.jeecg.modules.util.PythonCommand:87 - 8scm_nretail_ipw_002127096701003000_440000.csv脚本运行时间：10秒
2020-05-23 18:33:51.449 [async-service-2] INFO  org.jeecg.modules.util.PythonCommand:85 - python exit result: true
2020-05-23 18:33:51.451 [async-service-2] INFO  org.jeecg.modules.util.PythonCommand:87 - 7scm_nretail_ipw_002127096701003000_440000.csv脚本运行时间：10秒
2020-05-23 18:33:51.464 [async-service-4] INFO  org.jeecg.modules.util.PythonCommand:85 - python exit result: true
2020-05-23 18:33:51.464 [async-service-4] INFO  org.jeecg.modules.util.PythonCommand:87 - 9scm_nretail_ipw_002127096701003000_440000.csv脚本运行时间：10秒
2020-05-23 18:35:11.399 [Thread-5] INFO  org.quartz.core.QuartzScheduler:585 - Scheduler quartzScheduler_$_NON_CLUSTERED paused.
2020-05-23 18:35:11.411 [Thread-5] INFO  o.j.m.e.handle.VisiableThreadPoolTaskExecutor:208 - Shutting down ExecutorService 'asyncServiceExecutor'
2020-05-23 18:35:11.423 [Thread-5] INFO  o.s.scheduling.quartz.SchedulerFactoryBean:844 - Shutting down Quartz Scheduler
2020-05-23 18:35:11.424 [Thread-5] INFO  org.quartz.core.QuartzScheduler:666 - Scheduler quartzScheduler_$_NON_CLUSTERED shutting down.
2020-05-23 18:35:11.424 [Thread-5] INFO  org.quartz.core.QuartzScheduler:585 - Scheduler quartzScheduler_$_NON_CLUSTERED paused.
2020-05-23 18:35:11.426 [Thread-5] INFO  org.quartz.core.QuartzScheduler:740 - Scheduler quartzScheduler_$_NON_CLUSTERED shutdown complete.
2020-05-23 18:35:11.433 [Thread-5] INFO  c.b.dynamic.datasource.DynamicRoutingDataSource:175 - closing dynamicDatasource  ing....
2020-05-23 18:35:11.456 [Thread-5] INFO  com.alibaba.druid.pool.DruidDataSource:1825 - {dataSource-2} closed
2020-05-23 18:35:11.464 [Thread-5] INFO  com.alibaba.druid.pool.DruidDataSource:1825 - {dataSource-3} closed
2020-05-23 18:35:11.470 [Thread-5] INFO  com.alibaba.druid.pool.DruidDataSource:1825 - {dataSource-1} closed
2020-05-23 18:38:25.201 [main] INFO  org.jeecg.modules.test.ThreadTestCase:50 - Starting ThreadTestCase on cmcc-PC with PID 14688 (started by cmcc in D:\software\zhongduan\jeecg-boot\jeecg-boot-module-system)
2020-05-23 18:38:25.211 [main] INFO  org.jeecg.modules.test.ThreadTestCase:679 - The following profiles are active: dev
2020-05-23 18:38:31.347 [main] WARN  org.mybatis.spring.mapper.ClassPathMapperScanner:166 - No MyBatis mapper was found in '[org.jeecg.config.rule.mapper.*]' package. Please check your configuration.
2020-05-23 18:38:32.935 [main] INFO  o.s.d.r.config.RepositoryConfigurationDelegate:244 - Multiple Spring Data modules found, entering strict repository configuration mode!
2020-05-23 18:38:32.940 [main] INFO  o.s.d.r.config.RepositoryConfigurationDelegate:126 - Bootstrapping Spring Data repositories in DEFAULT mode.
2020-05-23 18:38:33.365 [main] INFO  o.s.d.r.config.RepositoryConfigurationDelegate:182 - Finished Spring Data repository scanning in 409ms. Found 0 repository interfaces.
2020-05-23 18:38:33.392 [main] INFO  o.s.d.r.config.RepositoryConfigurationDelegate:244 - Multiple Spring Data modules found, entering strict repository configuration mode!
2020-05-23 18:38:33.402 [main] INFO  o.s.d.r.config.RepositoryConfigurationDelegate:126 - Bootstrapping Spring Data repositories in DEFAULT mode.
2020-05-23 18:38:33.590 [main] INFO  o.s.d.r.config.RepositoryConfigurationDelegate:182 - Finished Spring Data repository scanning in 169ms. Found 0 repository interfaces.
2020-05-23 18:38:36.151 [main] INFO  o.s.c.s.PostProcessorRegistrationDelegate$BeanPostProcessorChecker:330 - Bean 'shiroConfig' of type [org.jeecg.config.ShiroConfig$$EnhancerBySpringCGLIB$$61695d48] is not eligible for getting processed by all BeanPostProcessors (for example: not eligible for auto-proxying)
2020-05-23 18:38:36.798 [main] INFO  o.s.c.s.PostProcessorRegistrationDelegate$BeanPostProcessorChecker:330 - Bean 'shiroRealm' of type [org.jeecg.modules.shiro.authc.ShiroRealm] is not eligible for getting processed by all BeanPostProcessors (for example: not eligible for auto-proxying)
2020-05-23 18:38:45.360 [main] INFO  o.s.c.s.PostProcessorRegistrationDelegate$BeanPostProcessorChecker:330 - Bean 'securityManager' of type [org.apache.shiro.web.mgt.DefaultWebSecurityManager] is not eligible for getting processed by all BeanPostProcessors (for example: not eligible for auto-proxying)
2020-05-23 18:38:45.642 [main] INFO  o.s.c.s.PostProcessorRegistrationDelegate$BeanPostProcessorChecker:330 - Bean 'authorizationAttributeSourceAdvisor' of type [org.apache.shiro.spring.security.interceptor.AuthorizationAttributeSourceAdvisor] is not eligible for getting processed by all BeanPostProcessors (for example: not eligible for auto-proxying)
2020-05-23 18:38:45.803 [main] INFO  o.s.c.s.PostProcessorRegistrationDelegate$BeanPostProcessorChecker:330 - Bean 'org.springframework.transaction.annotation.ProxyTransactionManagementConfiguration' of type [org.springframework.transaction.annotation.ProxyTransactionManagementConfiguration$$EnhancerBySpringCGLIB$$4163f3b2] is not eligible for getting processed by all BeanPostProcessors (for example: not eligible for auto-proxying)
2020-05-23 18:38:46.774 [main] INFO  o.s.c.s.PostProcessorRegistrationDelegate$BeanPostProcessorChecker:330 - Bean 'spring.datasource.dynamic-com.baomidou.dynamic.datasource.spring.boot.autoconfigure.DynamicDataSourceProperties' of type [com.baomidou.dynamic.datasource.spring.boot.autoconfigure.DynamicDataSourceProperties] is not eligible for getting processed by all BeanPostProcessors (for example: not eligible for auto-proxying)
2020-05-23 18:38:46.789 [main] INFO  o.s.c.s.PostProcessorRegistrationDelegate$BeanPostProcessorChecker:330 - Bean 'com.baomidou.dynamic.datasource.spring.boot.autoconfigure.DynamicDataSourceAutoConfiguration' of type [com.baomidou.dynamic.datasource.spring.boot.autoconfigure.DynamicDataSourceAutoConfiguration$$EnhancerBySpringCGLIB$$aaf26483] is not eligible for getting processed by all BeanPostProcessors (for example: not eligible for auto-proxying)
2020-05-23 18:38:46.858 [main] INFO  o.s.c.s.PostProcessorRegistrationDelegate$BeanPostProcessorChecker:330 - Bean 'dsProcessor' of type [com.baomidou.dynamic.datasource.processor.DsHeaderProcessor] is not eligible for getting processed by all BeanPostProcessors (for example: not eligible for auto-proxying)
2020-05-23 18:38:46.892 [main] INFO  o.s.c.s.PostProcessorRegistrationDelegate$BeanPostProcessorChecker:330 - Bean 'dynamicDatasourceAnnotationAdvisor' of type [com.baomidou.dynamic.datasource.aop.DynamicDataSourceAnnotationAdvisor] is not eligible for getting processed by all BeanPostProcessors (for example: not eligible for auto-proxying)
2020-05-23 18:38:47.002 [main] INFO  o.s.c.s.PostProcessorRegistrationDelegate$BeanPostProcessorChecker:330 - Bean 'spring.redis-org.springframework.boot.autoconfigure.data.redis.RedisProperties' of type [org.springframework.boot.autoconfigure.data.redis.RedisProperties] is not eligible for getting processed by all BeanPostProcessors (for example: not eligible for auto-proxying)
2020-05-23 18:38:47.050 [main] INFO  o.s.c.s.PostProcessorRegistrationDelegate$BeanPostProcessorChecker:330 - Bean 'org.springframework.boot.autoconfigure.data.redis.LettuceConnectionConfiguration' of type [org.springframework.boot.autoconfigure.data.redis.LettuceConnectionConfiguration$$EnhancerBySpringCGLIB$$567db1fc] is not eligible for getting processed by all BeanPostProcessors (for example: not eligible for auto-proxying)
2020-05-23 18:38:47.953 [main] INFO  o.s.c.s.PostProcessorRegistrationDelegate$BeanPostProcessorChecker:330 - Bean 'lettuceClientResources' of type [io.lettuce.core.resource.DefaultClientResources] is not eligible for getting processed by all BeanPostProcessors (for example: not eligible for auto-proxying)
2020-05-23 18:38:48.565 [main] INFO  o.s.c.s.PostProcessorRegistrationDelegate$BeanPostProcessorChecker:330 - Bean 'redisConnectionFactory' of type [org.springframework.data.redis.connection.lettuce.LettuceConnectionFactory] is not eligible for getting processed by all BeanPostProcessors (for example: not eligible for auto-proxying)
2020-05-23 18:38:48.614 [main] INFO  o.s.c.s.PostProcessorRegistrationDelegate$BeanPostProcessorChecker:330 - Bean 'redisConfig' of type [org.jeecg.config.RedisConfig$$EnhancerBySpringCGLIB$$ac37e492] is not eligible for getting processed by all BeanPostProcessors (for example: not eligible for auto-proxying)
2020-05-23 18:38:48.949 [main] INFO  o.s.c.s.PostProcessorRegistrationDelegate$BeanPostProcessorChecker:330 - Bean 'org.apache.shiro.spring.boot.autoconfigure.ShiroBeanAutoConfiguration' of type [org.apache.shiro.spring.boot.autoconfigure.ShiroBeanAutoConfiguration$$EnhancerBySpringCGLIB$$547cd162] is not eligible for getting processed by all BeanPostProcessors (for example: not eligible for auto-proxying)
2020-05-23 18:38:48.975 [main] INFO  o.s.c.s.PostProcessorRegistrationDelegate$BeanPostProcessorChecker:330 - Bean 'eventBus' of type [org.apache.shiro.event.support.DefaultEventBus] is not eligible for getting processed by all BeanPostProcessors (for example: not eligible for auto-proxying)
2020-05-23 18:38:50.517 [main] INFO  c.b.dynamic.datasource.DynamicDataSourceCreator:109 - 动态数据源-检测到druid存在,如配置中未指定type,druid会默认配置
2020-05-23 18:38:51.689 [main] INFO  com.alibaba.druid.pool.DruidDataSource:930 - {dataSource-1,master} inited
2020-05-23 18:38:51.754 [main] INFO  com.alibaba.druid.pool.DruidDataSource:930 - {dataSource-2,input} inited
2020-05-23 18:38:51.829 [main] INFO  com.alibaba.druid.pool.DruidDataSource:930 - {dataSource-3,predict} inited
2020-05-23 18:38:51.830 [main] INFO  c.b.dynamic.datasource.DynamicRoutingDataSource:189 - 初始共加载 3 个数据源
2020-05-23 18:38:51.832 [main] INFO  c.b.dynamic.datasource.DynamicRoutingDataSource:135 - 动态数据源-加载 input 成功
2020-05-23 18:38:51.833 [main] INFO  c.b.dynamic.datasource.DynamicRoutingDataSource:135 - 动态数据源-加载 predict 成功
2020-05-23 18:38:51.834 [main] INFO  c.b.dynamic.datasource.DynamicRoutingDataSource:135 - 动态数据源-加载 master 成功
2020-05-23 18:38:51.835 [main] INFO  c.b.dynamic.datasource.DynamicRoutingDataSource:198 - 当前的默认数据源是单数据源，数据源名为 master
2020-05-23 18:38:54.467 [main] WARN  c.b.mybatisplus.core.toolkit.TableInfoHelper:250 - Warn: Could not find @TableId in Class: org.jeecg.modules.predict.entity.ScmNretail.
2020-05-23 18:38:54.825 [main] WARN  c.b.mybatisplus.core.toolkit.TableInfoHelper:250 - Warn: Could not find @TableId in Class: org.jeecg.modules.result.entity.ScmNretailResult.
2020-05-23 18:38:54.979 [main] WARN  c.b.mybatisplus.core.toolkit.TableInfoHelper:250 - Warn: Could not find @TableId in Class: org.jeecg.modules.predict.vo.ScmNretailIpdVo.
2020-05-23 18:39:05.399 [main] INFO  org.mongodb.driver.cluster:71 - Cluster created with settings {hosts=[localhost:27017], mode=SINGLE, requiredClusterType=UNKNOWN, serverSelectionTimeout='30000 ms', maxWaitQueueSize=500}
2020-05-23 18:39:05.555 [cluster-ClusterId{value='5ec8fd4937d1613960fe658b', description='null'}-localhost:27017] INFO  org.mongodb.driver.connection:71 - Opened connection [connectionId{localValue:1, serverValue:163}] to localhost:27017
2020-05-23 18:39:05.567 [cluster-ClusterId{value='5ec8fd4937d1613960fe658b', description='null'}-localhost:27017] INFO  org.mongodb.driver.cluster:71 - Monitor thread successfully connected to server with description ServerDescription{address=localhost:27017, type=STANDALONE, state=CONNECTED, ok=true, version=ServerVersion{versionList=[4, 2, 2]}, minWireVersion=0, maxWireVersion=8, maxDocumentSize=16777216, logicalSessionTimeoutMinutes=30, roundTripTimeNanos=5881600}
2020-05-23 18:39:08.503 [main] INFO  org.mongodb.driver.cluster:71 - Cluster created with settings {hosts=[localhost:27017], mode=SINGLE, requiredClusterType=UNKNOWN, serverSelectionTimeout='30000 ms', maxWaitQueueSize=500}
2020-05-23 18:39:08.704 [cluster-ClusterId{value='5ec8fd4c37d1613960fe658c', description='null'}-localhost:27017] INFO  org.mongodb.driver.connection:71 - Opened connection [connectionId{localValue:2, serverValue:164}] to localhost:27017
2020-05-23 18:39:08.709 [cluster-ClusterId{value='5ec8fd4c37d1613960fe658c', description='null'}-localhost:27017] INFO  org.mongodb.driver.cluster:71 - Monitor thread successfully connected to server with description ServerDescription{address=localhost:27017, type=STANDALONE, state=CONNECTED, ok=true, version=ServerVersion{versionList=[4, 2, 2]}, minWireVersion=0, maxWireVersion=8, maxDocumentSize=16777216, logicalSessionTimeoutMinutes=30, roundTripTimeNanos=3708300}
2020-05-23 18:39:08.797 [main] INFO  org.mongodb.driver.cluster:71 - Cluster created with settings {hosts=[localhost:27017], mode=SINGLE, requiredClusterType=UNKNOWN, serverSelectionTimeout='30000 ms', maxWaitQueueSize=500}
2020-05-23 18:39:08.862 [cluster-ClusterId{value='5ec8fd4c37d1613960fe658d', description='null'}-localhost:27017] INFO  org.mongodb.driver.connection:71 - Opened connection [connectionId{localValue:3, serverValue:165}] to localhost:27017
2020-05-23 18:39:08.864 [cluster-ClusterId{value='5ec8fd4c37d1613960fe658d', description='null'}-localhost:27017] INFO  org.mongodb.driver.cluster:71 - Monitor thread successfully connected to server with description ServerDescription{address=localhost:27017, type=STANDALONE, state=CONNECTED, ok=true, version=ServerVersion{versionList=[4, 2, 2]}, minWireVersion=0, maxWireVersion=8, maxDocumentSize=16777216, logicalSessionTimeoutMinutes=30, roundTripTimeNanos=1229100}
2020-05-23 18:39:09.762 [main] INFO  org.quartz.impl.StdSchedulerFactory:1208 - Using default implementation for ThreadExecutor
2020-05-23 18:39:09.813 [main] INFO  org.quartz.core.SchedulerSignalerImpl:61 - Initialized Scheduler Signaller of type: class org.quartz.core.SchedulerSignalerImpl
2020-05-23 18:39:09.815 [main] INFO  org.quartz.core.QuartzScheduler:229 - Quartz Scheduler v.2.3.0 created.
2020-05-23 18:39:09.831 [main] INFO  o.s.scheduling.quartz.LocalDataSourceJobStore:672 - Using db table-based data access locking (synchronization).
2020-05-23 18:39:09.839 [main] INFO  o.s.scheduling.quartz.LocalDataSourceJobStore:145 - JobStoreCMT initialized.
2020-05-23 18:39:09.843 [main] INFO  org.quartz.core.QuartzScheduler:294 - Scheduler meta-data: Quartz Scheduler (v2.3.0) 'quartzScheduler' with instanceId 'NON_CLUSTERED'
  Scheduler class: 'org.quartz.core.QuartzScheduler' - running locally.
  NOT STARTED.
  Currently in standby mode.
  Number of jobs executed: 0
  Using thread pool 'org.quartz.simpl.SimpleThreadPool' - with 10 threads.
  Using job-store 'org.springframework.scheduling.quartz.LocalDataSourceJobStore' - which supports persistence. and is not clustered.

2020-05-23 18:39:09.845 [main] INFO  org.quartz.impl.StdSchedulerFactory:1362 - Quartz scheduler 'quartzScheduler' initialized from an externally provided properties instance.
2020-05-23 18:39:09.846 [main] INFO  org.quartz.impl.StdSchedulerFactory:1366 - Quartz scheduler version: 2.3.0
2020-05-23 18:39:09.847 [main] INFO  org.quartz.core.QuartzScheduler:2287 - JobFactory set to: org.springframework.scheduling.quartz.SpringBeanJobFactory@6414eb98
2020-05-23 18:39:21.952 [main] INFO  o.s.b.actuate.endpoint.web.EndpointLinksResolver:59 - Exposing 2 endpoint(s) beneath base path '/actuator'
2020-05-23 18:39:23.502 [main] INFO  s.d.s.w.PropertySourcedRequestMappingHandlerMapping:69 - Mapped URL path [/v2/api-docs] onto method [public org.springframework.http.ResponseEntity<springfox.documentation.spring.web.json.Json> springfox.documentation.swagger2.web.Swagger2Controller.getDocumentation(java.lang.String,javax.servlet.http.HttpServletRequest)]
2020-05-23 18:39:23.861 [main] INFO  org.jeecg.modules.executor.handle.ExecutorConfig:35 - start asyncServiceExecutor
2020-05-23 18:39:23.973 [main] INFO  o.j.m.e.handle.VisiableThreadPoolTaskExecutor:171 - Initializing ExecutorService
2020-05-23 18:39:24.069 [main] INFO  o.j.m.e.handle.VisiableThreadPoolTaskExecutor:171 - Initializing ExecutorService 'asyncServiceExecutor'
2020-05-23 18:39:30.698 [main] INFO  org.mongodb.driver.cluster:71 - Cluster created with settings {hosts=[localhost:27017], mode=SINGLE, requiredClusterType=UNKNOWN, serverSelectionTimeout='30000 ms', maxWaitQueueSize=500}
2020-05-23 18:39:30.962 [cluster-ClusterId{value='5ec8fd6237d1613960fe658e', description='null'}-localhost:27017] INFO  org.mongodb.driver.connection:71 - Opened connection [connectionId{localValue:4, serverValue:166}] to localhost:27017
2020-05-23 18:39:30.964 [cluster-ClusterId{value='5ec8fd6237d1613960fe658e', description='null'}-localhost:27017] INFO  org.mongodb.driver.cluster:71 - Monitor thread successfully connected to server with description ServerDescription{address=localhost:27017, type=STANDALONE, state=CONNECTED, ok=true, version=ServerVersion{versionList=[4, 2, 2]}, minWireVersion=0, maxWireVersion=8, maxDocumentSize=16777216, logicalSessionTimeoutMinutes=30, roundTripTimeNanos=991800}
2020-05-23 18:39:36.412 [main] INFO  s.d.s.web.plugins.DocumentationPluginsBootstrapper:160 - Context refreshed
2020-05-23 18:39:36.511 [main] INFO  s.d.s.web.plugins.DocumentationPluginsBootstrapper:163 - Found 1 custom documentation plugin(s)
2020-05-23 18:39:36.638 [main] INFO  s.d.spring.web.scanners.ApiListingReferenceScanner:41 - Scanning for api listing references
2020-05-23 18:39:37.402 [main] INFO  s.d.s.w.r.operation.CachingOperationNameGenerator:40 - Generating unique operation named: addUsingPOST_1
2020-05-23 18:39:37.407 [main] INFO  s.d.s.w.r.operation.CachingOperationNameGenerator:40 - Generating unique operation named: deleteUsingDELETE_1
2020-05-23 18:39:37.413 [main] INFO  s.d.s.w.r.operation.CachingOperationNameGenerator:40 - Generating unique operation named: deleteBatchUsingDELETE_1
2020-05-23 18:39:37.421 [main] INFO  s.d.s.w.r.operation.CachingOperationNameGenerator:40 - Generating unique operation named: queryByIdUsingGET_1
2020-05-23 18:39:37.469 [main] INFO  o.s.scheduling.quartz.SchedulerFactoryBean:726 - Starting Quartz Scheduler now
2020-05-23 18:39:37.969 [main] INFO  o.s.scheduling.quartz.LocalDataSourceJobStore:866 - Freed 0 triggers from 'acquired' / 'blocked' state.
2020-05-23 18:39:37.987 [main] INFO  o.s.scheduling.quartz.LocalDataSourceJobStore:876 - Recovering 0 jobs that were in-progress at the time of the last shut-down.
2020-05-23 18:39:37.988 [main] INFO  o.s.scheduling.quartz.LocalDataSourceJobStore:889 - Recovery complete.
2020-05-23 18:39:37.991 [main] INFO  o.s.scheduling.quartz.LocalDataSourceJobStore:896 - Removed 0 'complete' triggers.
2020-05-23 18:39:37.995 [main] INFO  o.s.scheduling.quartz.LocalDataSourceJobStore:901 - Removed 0 stale fired job entries.
2020-05-23 18:39:37.998 [main] INFO  org.quartz.core.QuartzScheduler:547 - Scheduler quartzScheduler_$_NON_CLUSTERED started.
2020-05-23 18:39:38.051 [main] INFO  org.jeecg.modules.test.ThreadTestCase:59 - Started ThreadTestCase in 77.405 seconds (JVM running for 81.023)
2020-05-23 18:39:38.656 [main] INFO  org.jeecg.modules.test.ThreadTestCase:61 - ================= run_task_two_plus =======================
2020-05-23 18:39:38.657 [main] INFO  org.jeecg.modules.test.ThreadTestCase:63 - 开始请求任务2
2020-05-23 18:39:38.665 [main] INFO  o.j.m.e.handle.VisiableThreadPoolTaskExecutor:39 - async-service-, 2. do submit,taskCount [0], completedTaskCount [0], activeCount [0], queueSize [0]
2020-05-23 18:39:38.666 [main] INFO  o.j.m.e.handle.VisiableThreadPoolTaskExecutor:39 - async-service-, 2. do submit,taskCount [1], completedTaskCount [0], activeCount [1], queueSize [0]
2020-05-23 18:39:38.667 [main] INFO  o.j.m.e.handle.VisiableThreadPoolTaskExecutor:39 - async-service-, 2. do submit,taskCount [2], completedTaskCount [0], activeCount [2], queueSize [0]
2020-05-23 18:39:38.668 [main] INFO  o.j.m.e.handle.VisiableThreadPoolTaskExecutor:39 - async-service-, 2. do submit,taskCount [3], completedTaskCount [0], activeCount [3], queueSize [0]
2020-05-23 18:39:38.669 [main] INFO  o.j.m.e.handle.VisiableThreadPoolTaskExecutor:39 - async-service-, 2. do submit,taskCount [4], completedTaskCount [0], activeCount [4], queueSize [0]
2020-05-23 18:39:38.671 [main] INFO  o.j.m.e.handle.VisiableThreadPoolTaskExecutor:39 - async-service-, 2. do submit,taskCount [5], completedTaskCount [0], activeCount [5], queueSize [0]
2020-05-23 18:39:38.672 [main] INFO  o.j.m.e.handle.VisiableThreadPoolTaskExecutor:39 - async-service-, 2. do submit,taskCount [6], completedTaskCount [0], activeCount [5], queueSize [1]
2020-05-23 18:39:38.673 [main] INFO  o.j.m.e.handle.VisiableThreadPoolTaskExecutor:39 - async-service-, 2. do submit,taskCount [7], completedTaskCount [0], activeCount [5], queueSize [2]
2020-05-23 18:39:38.674 [main] INFO  o.j.m.e.handle.VisiableThreadPoolTaskExecutor:39 - async-service-, 2. do submit,taskCount [8], completedTaskCount [0], activeCount [5], queueSize [3]
2020-05-23 18:39:38.675 [main] INFO  o.j.m.e.handle.VisiableThreadPoolTaskExecutor:39 - async-service-, 2. do submit,taskCount [9], completedTaskCount [0], activeCount [5], queueSize [4]
2020-05-23 18:39:38.679 [main] INFO  o.j.m.e.handle.VisiableThreadPoolTaskExecutor:39 - async-service-, 2. do submit,taskCount [10], completedTaskCount [0], activeCount [5], queueSize [5]
2020-05-23 18:39:38.680 [main] INFO  o.j.m.e.handle.VisiableThreadPoolTaskExecutor:39 - async-service-, 2. do submit,taskCount [11], completedTaskCount [0], activeCount [5], queueSize [6]
2020-05-23 18:39:38.680 [main] INFO  o.j.m.e.handle.VisiableThreadPoolTaskExecutor:39 - async-service-, 2. do submit,taskCount [12], completedTaskCount [0], activeCount [5], queueSize [7]
2020-05-23 18:39:38.681 [main] INFO  o.j.m.e.handle.VisiableThreadPoolTaskExecutor:39 - async-service-, 2. do submit,taskCount [13], completedTaskCount [0], activeCount [5], queueSize [8]
2020-05-23 18:39:38.682 [main] INFO  o.j.m.e.handle.VisiableThreadPoolTaskExecutor:39 - async-service-, 2. do submit,taskCount [14], completedTaskCount [0], activeCount [5], queueSize [9]
2020-05-23 18:39:38.683 [main] INFO  o.j.m.e.handle.VisiableThreadPoolTaskExecutor:39 - async-service-, 2. do submit,taskCount [15], completedTaskCount [0], activeCount [5], queueSize [10]
2020-05-23 18:39:38.684 [main] INFO  o.j.m.e.handle.VisiableThreadPoolTaskExecutor:39 - async-service-, 2. do submit,taskCount [16], completedTaskCount [0], activeCount [5], queueSize [11]
2020-05-23 18:39:38.685 [main] INFO  o.j.m.e.handle.VisiableThreadPoolTaskExecutor:39 - async-service-, 2. do submit,taskCount [17], completedTaskCount [0], activeCount [5], queueSize [12]
2020-05-23 18:39:38.686 [main] INFO  o.j.m.e.handle.VisiableThreadPoolTaskExecutor:39 - async-service-, 2. do submit,taskCount [18], completedTaskCount [0], activeCount [5], queueSize [13]
2020-05-23 18:39:38.687 [main] INFO  o.j.m.e.handle.VisiableThreadPoolTaskExecutor:39 - async-service-, 2. do submit,taskCount [19], completedTaskCount [0], activeCount [5], queueSize [14]
2020-05-23 18:39:38.699 [async-service-1] INFO  org.jeecg.modules.util.PythonCommand:41 - exec_python_command : /opt/anaconda3/bin/python /root/cmdc/bin/python/main_online_go.py -i D:\\Desktop\\office\\out\\0scm_nretail_ipw_002127096701003000_440000.csv -o D:\\Desktop\\office\\result\\0scm_nretail_ipw_002127096701003000_440000.csv |tee -a /root/cmdc/log/0scm_nretail_ipw_002127096701003000_440000.log
2020-05-23 18:39:38.699 [async-service-5] INFO  org.jeecg.modules.util.PythonCommand:41 - exec_python_command : /opt/anaconda3/bin/python /root/cmdc/bin/python/main_online_go.py -i D:\\Desktop\\office\\out\\2scm_nretail_ipw_002127096701003000_440000.csv -o D:\\Desktop\\office\\result\\2scm_nretail_ipw_002127096701003000_440000.csv |tee -a /root/cmdc/log/2scm_nretail_ipw_002127096701003000_440000.log
2020-05-23 18:39:38.700 [async-service-3] INFO  org.jeecg.modules.util.PythonCommand:41 - exec_python_command : /opt/anaconda3/bin/python /root/cmdc/bin/python/main_online_go.py -i D:\\Desktop\\office\\out\\1scm_nretail_ipw_002127096701003000_440000.csv -o D:\\Desktop\\office\\result\\1scm_nretail_ipw_002127096701003000_440000.csv |tee -a /root/cmdc/log/1scm_nretail_ipw_002127096701003000_440000.log
2020-05-23 18:39:48.700 [async-service-1] INFO  org.jeecg.modules.util.PythonCommand:85 - python exit result: true
2020-05-23 18:39:48.700 [async-service-1] INFO  org.jeecg.modules.util.PythonCommand:87 - 0scm_nretail_ipw_002127096701003000_440000.csv脚本运行时间：10秒
2020-05-23 18:39:48.701 [async-service-5] INFO  org.jeecg.modules.util.PythonCommand:85 - python exit result: true
2020-05-23 18:39:48.701 [async-service-5] INFO  org.jeecg.modules.util.PythonCommand:87 - 2scm_nretail_ipw_002127096701003000_440000.csv脚本运行时间：10秒
2020-05-23 18:39:48.702 [async-service-3] INFO  org.jeecg.modules.util.PythonCommand:85 - python exit result: true
2020-05-23 18:39:48.702 [async-service-3] INFO  org.jeecg.modules.util.PythonCommand:87 - 1scm_nretail_ipw_002127096701003000_440000.csv脚本运行时间：10秒
2020-05-23 18:39:48.704 [async-service-3] INFO  org.jeecg.modules.util.PythonCommand:41 - exec_python_command : /opt/anaconda3/bin/python /root/cmdc/bin/python/main_online_go.py -i D:\\Desktop\\office\\out\\3scm_nretail_ipw_002127096701003000_440000.csv -o D:\\Desktop\\office\\result\\3scm_nretail_ipw_002127096701003000_440000.csv |tee -a /root/cmdc/log/3scm_nretail_ipw_002127096701003000_440000.log
2020-05-23 18:39:48.704 [async-service-4] INFO  org.jeecg.modules.util.PythonCommand:41 - exec_python_command : /opt/anaconda3/bin/python /root/cmdc/bin/python/main_online_go.py -i D:\\Desktop\\office\\out\\4scm_nretail_ipw_002127096701003000_440000.csv -o D:\\Desktop\\office\\result\\4scm_nretail_ipw_002127096701003000_440000.csv |tee -a /root/cmdc/log/4scm_nretail_ipw_002127096701003000_440000.log
2020-05-23 18:39:48.704 [async-service-1] INFO  org.jeecg.modules.util.PythonCommand:41 - exec_python_command : /opt/anaconda3/bin/python /root/cmdc/bin/python/main_online_go.py -i D:\\Desktop\\office\\out\\5scm_nretail_ipw_002127096701003000_440000.csv -o D:\\Desktop\\office\\result\\5scm_nretail_ipw_002127096701003000_440000.csv |tee -a /root/cmdc/log/5scm_nretail_ipw_002127096701003000_440000.log
2020-05-23 18:39:58.704 [async-service-3] INFO  org.jeecg.modules.util.PythonCommand:85 - python exit result: true
2020-05-23 18:39:58.704 [async-service-4] INFO  org.jeecg.modules.util.PythonCommand:85 - python exit result: true
2020-05-23 18:39:58.704 [async-service-3] INFO  org.jeecg.modules.util.PythonCommand:87 - 3scm_nretail_ipw_002127096701003000_440000.csv脚本运行时间：10秒
2020-05-23 18:39:58.704 [async-service-4] INFO  org.jeecg.modules.util.PythonCommand:87 - 4scm_nretail_ipw_002127096701003000_440000.csv脚本运行时间：10秒
2020-05-23 18:39:58.705 [async-service-3] INFO  org.jeecg.modules.util.PythonCommand:41 - exec_python_command : /opt/anaconda3/bin/python /root/cmdc/bin/python/main_online_go.py -i D:\\Desktop\\office\\out\\6scm_nretail_ipw_002127096701003000_440000.csv -o D:\\Desktop\\office\\result\\6scm_nretail_ipw_002127096701003000_440000.csv |tee -a /root/cmdc/log/6scm_nretail_ipw_002127096701003000_440000.log
2020-05-23 18:39:58.705 [async-service-4] INFO  org.jeecg.modules.util.PythonCommand:41 - exec_python_command : /opt/anaconda3/bin/python /root/cmdc/bin/python/main_online_go.py -i D:\\Desktop\\office\\out\\7scm_nretail_ipw_002127096701003000_440000.csv -o D:\\Desktop\\office\\result\\7scm_nretail_ipw_002127096701003000_440000.csv |tee -a /root/cmdc/log/7scm_nretail_ipw_002127096701003000_440000.log
2020-05-23 18:39:58.711 [async-service-1] INFO  org.jeecg.modules.util.PythonCommand:85 - python exit result: true
2020-05-23 18:39:58.711 [async-service-1] INFO  org.jeecg.modules.util.PythonCommand:87 - 5scm_nretail_ipw_002127096701003000_440000.csv脚本运行时间：10秒
2020-05-23 18:39:58.712 [async-service-5] INFO  org.jeecg.modules.util.PythonCommand:41 - exec_python_command : /opt/anaconda3/bin/python /root/cmdc/bin/python/main_online_go.py -i D:\\Desktop\\office\\out\\8scm_nretail_ipw_002127096701003000_440000.csv -o D:\\Desktop\\office\\result\\8scm_nretail_ipw_002127096701003000_440000.csv |tee -a /root/cmdc/log/8scm_nretail_ipw_002127096701003000_440000.log
2020-05-23 18:40:08.706 [async-service-3] INFO  org.jeecg.modules.util.PythonCommand:85 - python exit result: true
2020-05-23 18:40:08.706 [async-service-3] INFO  org.jeecg.modules.util.PythonCommand:87 - 6scm_nretail_ipw_002127096701003000_440000.csv脚本运行时间：10秒
2020-05-23 18:40:08.707 [async-service-4] INFO  org.jeecg.modules.util.PythonCommand:85 - python exit result: true
2020-05-23 18:40:08.707 [async-service-2] INFO  org.jeecg.modules.util.PythonCommand:41 - exec_python_command : /opt/anaconda3/bin/python /root/cmdc/bin/python/main_online_go.py -i D:\\Desktop\\office\\out\\9scm_nretail_ipw_002127096701003000_440000.csv -o D:\\Desktop\\office\\result\\9scm_nretail_ipw_002127096701003000_440000.csv |tee -a /root/cmdc/log/9scm_nretail_ipw_002127096701003000_440000.log
2020-05-23 18:40:08.707 [async-service-4] INFO  org.jeecg.modules.util.PythonCommand:87 - 7scm_nretail_ipw_002127096701003000_440000.csv脚本运行时间：10秒
2020-05-23 18:40:08.713 [async-service-5] INFO  org.jeecg.modules.util.PythonCommand:85 - python exit result: true
2020-05-23 18:40:08.713 [async-service-5] INFO  org.jeecg.modules.util.PythonCommand:87 - 8scm_nretail_ipw_002127096701003000_440000.csv脚本运行时间：10秒
2020-05-23 18:40:18.708 [async-service-2] INFO  org.jeecg.modules.util.PythonCommand:85 - python exit result: true
2020-05-23 18:40:18.709 [async-service-2] INFO  org.jeecg.modules.util.PythonCommand:87 - 9scm_nretail_ipw_002127096701003000_440000.csv脚本运行时间：10秒
2020-05-23 18:41:18.704 [Thread-5] INFO  org.quartz.core.QuartzScheduler:585 - Scheduler quartzScheduler_$_NON_CLUSTERED paused.
2020-05-23 18:41:18.715 [Thread-5] INFO  o.j.m.e.handle.VisiableThreadPoolTaskExecutor:208 - Shutting down ExecutorService 'asyncServiceExecutor'
2020-05-23 18:41:18.725 [Thread-5] INFO  o.s.scheduling.quartz.SchedulerFactoryBean:844 - Shutting down Quartz Scheduler
2020-05-23 18:41:18.726 [Thread-5] INFO  org.quartz.core.QuartzScheduler:666 - Scheduler quartzScheduler_$_NON_CLUSTERED shutting down.
2020-05-23 18:41:18.726 [Thread-5] INFO  org.quartz.core.QuartzScheduler:585 - Scheduler quartzScheduler_$_NON_CLUSTERED paused.
2020-05-23 18:41:18.728 [Thread-5] INFO  org.quartz.core.QuartzScheduler:740 - Scheduler quartzScheduler_$_NON_CLUSTERED shutdown complete.
2020-05-23 18:41:18.735 [Thread-5] INFO  c.b.dynamic.datasource.DynamicRoutingDataSource:175 - closing dynamicDatasource  ing....
2020-05-23 18:41:18.752 [Thread-5] INFO  com.alibaba.druid.pool.DruidDataSource:1825 - {dataSource-2} closed
2020-05-23 18:41:18.759 [Thread-5] INFO  com.alibaba.druid.pool.DruidDataSource:1825 - {dataSource-3} closed
2020-05-23 18:41:18.766 [Thread-5] INFO  com.alibaba.druid.pool.DruidDataSource:1825 - {dataSource-1} closed
